{"/Users/florianamette/Code/mdx-blog/package/index.ts": {"path":"/Users/florianamette/Code/mdx-blog/package/index.ts","all":false,"statementMap":{"0":{"start":{"line":1,"column":0},"end":{"line":1,"column":13}}},"s":{"0":1},"branchMap":{},"b":{},"fnMap":{},"f":{}}
,"/Users/florianamette/Code/mdx-blog/package/__tests__/index.test.ts": {"path":"/Users/florianamette/Code/mdx-blog/package/__tests__/index.test.ts","all":false,"statementMap":{"0":{"start":{"line":1,"column":0},"end":{"line":1,"column":46}},"2":{"start":{"line":3,"column":0},"end":{"line":3,"column":36}},"3":{"start":{"line":4,"column":0},"end":{"line":4,"column":51}},"4":{"start":{"line":5,"column":0},"end":{"line":5,"column":47}},"5":{"start":{"line":6,"column":0},"end":{"line":6,"column":49}},"6":{"start":{"line":7,"column":0},"end":{"line":7,"column":59}},"7":{"start":{"line":8,"column":0},"end":{"line":8,"column":5}},"12":{"start":{"line":13,"column":0},"end":{"line":13,"column":61}},"13":{"start":{"line":14,"column":0},"end":{"line":14,"column":47}},"14":{"start":{"line":15,"column":0},"end":{"line":15,"column":59}},"15":{"start":{"line":16,"column":0},"end":{"line":16,"column":5}},"17":{"start":{"line":18,"column":0},"end":{"line":18,"column":43}},"18":{"start":{"line":19,"column":0},"end":{"line":19,"column":47}},"19":{"start":{"line":20,"column":0},"end":{"line":20,"column":41}},"20":{"start":{"line":21,"column":0},"end":{"line":21,"column":51}},"21":{"start":{"line":22,"column":0},"end":{"line":22,"column":5}},"25":{"start":{"line":26,"column":0},"end":{"line":26,"column":47}},"26":{"start":{"line":27,"column":0},"end":{"line":27,"column":47}},"27":{"start":{"line":28,"column":0},"end":{"line":28,"column":45}},"28":{"start":{"line":29,"column":0},"end":{"line":29,"column":55}},"29":{"start":{"line":30,"column":0},"end":{"line":30,"column":5}},"33":{"start":{"line":34,"column":0},"end":{"line":34,"column":47}},"34":{"start":{"line":35,"column":0},"end":{"line":35,"column":47}},"35":{"start":{"line":36,"column":0},"end":{"line":36,"column":45}},"36":{"start":{"line":37,"column":0},"end":{"line":37,"column":55}},"37":{"start":{"line":38,"column":0},"end":{"line":38,"column":5}},"39":{"start":{"line":40,"column":0},"end":{"line":40,"column":51}},"40":{"start":{"line":41,"column":0},"end":{"line":41,"column":47}},"41":{"start":{"line":42,"column":0},"end":{"line":42,"column":49}},"42":{"start":{"line":43,"column":0},"end":{"line":43,"column":59}},"43":{"start":{"line":44,"column":0},"end":{"line":44,"column":5}},"45":{"start":{"line":46,"column":0},"end":{"line":46,"column":55}},"46":{"start":{"line":47,"column":0},"end":{"line":47,"column":47}},"47":{"start":{"line":48,"column":0},"end":{"line":48,"column":53}},"48":{"start":{"line":49,"column":0},"end":{"line":49,"column":63}},"49":{"start":{"line":50,"column":0},"end":{"line":50,"column":5}},"51":{"start":{"line":52,"column":0},"end":{"line":52,"column":60}},"52":{"start":{"line":53,"column":0},"end":{"line":53,"column":47}},"53":{"start":{"line":54,"column":0},"end":{"line":54,"column":58}},"54":{"start":{"line":55,"column":0},"end":{"line":55,"column":68}},"55":{"start":{"line":56,"column":0},"end":{"line":56,"column":5}},"57":{"start":{"line":58,"column":0},"end":{"line":58,"column":60}},"58":{"start":{"line":59,"column":0},"end":{"line":59,"column":47}},"59":{"start":{"line":60,"column":0},"end":{"line":60,"column":58}},"60":{"start":{"line":61,"column":0},"end":{"line":61,"column":68}},"61":{"start":{"line":62,"column":0},"end":{"line":62,"column":5}},"63":{"start":{"line":64,"column":0},"end":{"line":64,"column":58}},"64":{"start":{"line":65,"column":0},"end":{"line":65,"column":47}},"65":{"start":{"line":66,"column":0},"end":{"line":66,"column":56}},"66":{"start":{"line":67,"column":0},"end":{"line":67,"column":66}},"67":{"start":{"line":68,"column":0},"end":{"line":68,"column":5}},"69":{"start":{"line":70,"column":0},"end":{"line":70,"column":61}},"70":{"start":{"line":71,"column":0},"end":{"line":71,"column":47}},"71":{"start":{"line":72,"column":0},"end":{"line":72,"column":59}},"72":{"start":{"line":73,"column":0},"end":{"line":73,"column":69}},"73":{"start":{"line":74,"column":0},"end":{"line":74,"column":5}},"75":{"start":{"line":76,"column":0},"end":{"line":76,"column":51}},"76":{"start":{"line":77,"column":0},"end":{"line":77,"column":47}},"77":{"start":{"line":78,"column":0},"end":{"line":78,"column":49}},"78":{"start":{"line":79,"column":0},"end":{"line":79,"column":59}},"79":{"start":{"line":80,"column":0},"end":{"line":80,"column":5}},"81":{"start":{"line":82,"column":0},"end":{"line":82,"column":51}},"82":{"start":{"line":83,"column":0},"end":{"line":83,"column":47}},"83":{"start":{"line":84,"column":0},"end":{"line":84,"column":49}},"84":{"start":{"line":85,"column":0},"end":{"line":85,"column":59}},"85":{"start":{"line":86,"column":0},"end":{"line":86,"column":5}},"87":{"start":{"line":88,"column":0},"end":{"line":88,"column":48}},"88":{"start":{"line":89,"column":0},"end":{"line":89,"column":47}},"89":{"start":{"line":90,"column":0},"end":{"line":90,"column":46}},"90":{"start":{"line":91,"column":0},"end":{"line":91,"column":56}},"91":{"start":{"line":92,"column":0},"end":{"line":92,"column":5}},"93":{"start":{"line":94,"column":0},"end":{"line":94,"column":46}},"94":{"start":{"line":95,"column":0},"end":{"line":95,"column":47}},"95":{"start":{"line":96,"column":0},"end":{"line":96,"column":44}},"96":{"start":{"line":97,"column":0},"end":{"line":97,"column":54}},"97":{"start":{"line":98,"column":0},"end":{"line":98,"column":5}},"99":{"start":{"line":100,"column":0},"end":{"line":100,"column":45}},"100":{"start":{"line":101,"column":0},"end":{"line":101,"column":47}},"101":{"start":{"line":102,"column":0},"end":{"line":102,"column":43}},"102":{"start":{"line":103,"column":0},"end":{"line":103,"column":53}},"103":{"start":{"line":104,"column":0},"end":{"line":104,"column":5}},"109":{"start":{"line":110,"column":0},"end":{"line":110,"column":48}},"110":{"start":{"line":111,"column":0},"end":{"line":111,"column":47}},"111":{"start":{"line":112,"column":0},"end":{"line":112,"column":46}},"112":{"start":{"line":113,"column":0},"end":{"line":113,"column":5}},"114":{"start":{"line":115,"column":0},"end":{"line":115,"column":57}},"115":{"start":{"line":116,"column":0},"end":{"line":116,"column":47}},"116":{"start":{"line":117,"column":0},"end":{"line":117,"column":55}},"117":{"start":{"line":118,"column":0},"end":{"line":118,"column":5}},"119":{"start":{"line":120,"column":0},"end":{"line":120,"column":49}},"120":{"start":{"line":121,"column":0},"end":{"line":121,"column":47}},"121":{"start":{"line":122,"column":0},"end":{"line":122,"column":47}},"122":{"start":{"line":123,"column":0},"end":{"line":123,"column":5}},"124":{"start":{"line":125,"column":0},"end":{"line":125,"column":50}},"125":{"start":{"line":126,"column":0},"end":{"line":126,"column":47}},"126":{"start":{"line":127,"column":0},"end":{"line":127,"column":48}},"127":{"start":{"line":128,"column":0},"end":{"line":128,"column":5}},"129":{"start":{"line":130,"column":0},"end":{"line":130,"column":50}},"130":{"start":{"line":131,"column":0},"end":{"line":131,"column":47}},"131":{"start":{"line":132,"column":0},"end":{"line":132,"column":48}},"132":{"start":{"line":133,"column":0},"end":{"line":133,"column":48}},"133":{"start":{"line":134,"column":0},"end":{"line":134,"column":5}},"135":{"start":{"line":136,"column":0},"end":{"line":136,"column":53}},"136":{"start":{"line":137,"column":0},"end":{"line":137,"column":47}},"137":{"start":{"line":138,"column":0},"end":{"line":138,"column":51}},"138":{"start":{"line":139,"column":0},"end":{"line":139,"column":61}},"139":{"start":{"line":140,"column":0},"end":{"line":140,"column":5}},"141":{"start":{"line":142,"column":0},"end":{"line":142,"column":56}},"142":{"start":{"line":143,"column":0},"end":{"line":143,"column":47}},"143":{"start":{"line":144,"column":0},"end":{"line":144,"column":54}},"144":{"start":{"line":145,"column":0},"end":{"line":145,"column":64}},"145":{"start":{"line":146,"column":0},"end":{"line":146,"column":5}},"147":{"start":{"line":148,"column":0},"end":{"line":148,"column":54}},"148":{"start":{"line":149,"column":0},"end":{"line":149,"column":47}},"149":{"start":{"line":150,"column":0},"end":{"line":150,"column":52}},"150":{"start":{"line":151,"column":0},"end":{"line":151,"column":62}},"151":{"start":{"line":152,"column":0},"end":{"line":152,"column":5}},"153":{"start":{"line":154,"column":0},"end":{"line":154,"column":52}},"154":{"start":{"line":155,"column":0},"end":{"line":155,"column":47}},"155":{"start":{"line":156,"column":0},"end":{"line":156,"column":50}},"156":{"start":{"line":157,"column":0},"end":{"line":157,"column":60}},"157":{"start":{"line":158,"column":0},"end":{"line":158,"column":5}},"158":{"start":{"line":159,"column":0},"end":{"line":159,"column":3}}},"s":{"0":1,"2":1,"3":1,"4":1,"5":1,"6":1,"7":1,"12":1,"13":1,"14":1,"15":1,"17":1,"18":1,"19":1,"20":1,"21":1,"25":1,"26":1,"27":1,"28":1,"29":1,"33":1,"34":1,"35":1,"36":1,"37":1,"39":1,"40":1,"41":1,"42":1,"43":1,"45":1,"46":1,"47":1,"48":1,"49":1,"51":1,"52":1,"53":1,"54":1,"55":1,"57":1,"58":1,"59":1,"60":1,"61":1,"63":1,"64":1,"65":1,"66":1,"67":1,"69":1,"70":1,"71":1,"72":1,"73":1,"75":1,"76":1,"77":1,"78":1,"79":1,"81":1,"82":1,"83":1,"84":1,"85":1,"87":1,"88":1,"89":1,"90":1,"91":1,"93":1,"94":1,"95":1,"96":1,"97":1,"99":1,"100":1,"101":1,"102":1,"103":1,"109":1,"110":1,"111":1,"112":1,"114":1,"115":1,"116":1,"117":1,"119":1,"120":1,"121":1,"122":1,"124":1,"125":1,"126":1,"127":1,"129":1,"130":1,"131":1,"132":1,"133":1,"135":1,"136":1,"137":1,"138":1,"139":1,"141":1,"142":1,"143":1,"144":1,"145":1,"147":1,"148":1,"149":1,"150":1,"151":1,"153":1,"154":1,"155":1,"156":1,"157":1,"158":1},"branchMap":{"0":{"type":"branch","line":3,"loc":{"start":{"line":3,"column":29},"end":{"line":159,"column":3}},"locations":[{"start":{"line":3,"column":29},"end":{"line":159,"column":3}}]},"1":{"type":"branch","line":4,"loc":{"start":{"line":4,"column":38},"end":{"line":8,"column":3}},"locations":[{"start":{"line":4,"column":38},"end":{"line":8,"column":3}}]},"2":{"type":"branch","line":13,"loc":{"start":{"line":13,"column":48},"end":{"line":16,"column":3}},"locations":[{"start":{"line":13,"column":48},"end":{"line":16,"column":3}}]},"3":{"type":"branch","line":18,"loc":{"start":{"line":18,"column":30},"end":{"line":22,"column":3}},"locations":[{"start":{"line":18,"column":30},"end":{"line":22,"column":3}}]},"4":{"type":"branch","line":26,"loc":{"start":{"line":26,"column":34},"end":{"line":30,"column":3}},"locations":[{"start":{"line":26,"column":34},"end":{"line":30,"column":3}}]},"5":{"type":"branch","line":34,"loc":{"start":{"line":34,"column":34},"end":{"line":38,"column":3}},"locations":[{"start":{"line":34,"column":34},"end":{"line":38,"column":3}}]},"6":{"type":"branch","line":40,"loc":{"start":{"line":40,"column":38},"end":{"line":44,"column":3}},"locations":[{"start":{"line":40,"column":38},"end":{"line":44,"column":3}}]},"7":{"type":"branch","line":46,"loc":{"start":{"line":46,"column":42},"end":{"line":50,"column":3}},"locations":[{"start":{"line":46,"column":42},"end":{"line":50,"column":3}}]},"8":{"type":"branch","line":52,"loc":{"start":{"line":52,"column":47},"end":{"line":56,"column":3}},"locations":[{"start":{"line":52,"column":47},"end":{"line":56,"column":3}}]},"9":{"type":"branch","line":58,"loc":{"start":{"line":58,"column":47},"end":{"line":62,"column":3}},"locations":[{"start":{"line":58,"column":47},"end":{"line":62,"column":3}}]},"10":{"type":"branch","line":64,"loc":{"start":{"line":64,"column":45},"end":{"line":68,"column":3}},"locations":[{"start":{"line":64,"column":45},"end":{"line":68,"column":3}}]},"11":{"type":"branch","line":70,"loc":{"start":{"line":70,"column":48},"end":{"line":74,"column":3}},"locations":[{"start":{"line":70,"column":48},"end":{"line":74,"column":3}}]},"12":{"type":"branch","line":76,"loc":{"start":{"line":76,"column":38},"end":{"line":80,"column":3}},"locations":[{"start":{"line":76,"column":38},"end":{"line":80,"column":3}}]},"13":{"type":"branch","line":82,"loc":{"start":{"line":82,"column":38},"end":{"line":86,"column":3}},"locations":[{"start":{"line":82,"column":38},"end":{"line":86,"column":3}}]},"14":{"type":"branch","line":88,"loc":{"start":{"line":88,"column":35},"end":{"line":92,"column":3}},"locations":[{"start":{"line":88,"column":35},"end":{"line":92,"column":3}}]},"15":{"type":"branch","line":94,"loc":{"start":{"line":94,"column":33},"end":{"line":98,"column":3}},"locations":[{"start":{"line":94,"column":33},"end":{"line":98,"column":3}}]},"16":{"type":"branch","line":100,"loc":{"start":{"line":100,"column":32},"end":{"line":104,"column":3}},"locations":[{"start":{"line":100,"column":32},"end":{"line":104,"column":3}}]},"17":{"type":"branch","line":110,"loc":{"start":{"line":110,"column":35},"end":{"line":113,"column":3}},"locations":[{"start":{"line":110,"column":35},"end":{"line":113,"column":3}}]},"18":{"type":"branch","line":115,"loc":{"start":{"line":115,"column":44},"end":{"line":118,"column":3}},"locations":[{"start":{"line":115,"column":44},"end":{"line":118,"column":3}}]},"19":{"type":"branch","line":120,"loc":{"start":{"line":120,"column":36},"end":{"line":123,"column":3}},"locations":[{"start":{"line":120,"column":36},"end":{"line":123,"column":3}}]},"20":{"type":"branch","line":125,"loc":{"start":{"line":125,"column":37},"end":{"line":128,"column":3}},"locations":[{"start":{"line":125,"column":37},"end":{"line":128,"column":3}}]},"21":{"type":"branch","line":130,"loc":{"start":{"line":130,"column":37},"end":{"line":134,"column":3}},"locations":[{"start":{"line":130,"column":37},"end":{"line":134,"column":3}}]},"22":{"type":"branch","line":136,"loc":{"start":{"line":136,"column":40},"end":{"line":140,"column":3}},"locations":[{"start":{"line":136,"column":40},"end":{"line":140,"column":3}}]},"23":{"type":"branch","line":142,"loc":{"start":{"line":142,"column":43},"end":{"line":146,"column":3}},"locations":[{"start":{"line":142,"column":43},"end":{"line":146,"column":3}}]},"24":{"type":"branch","line":148,"loc":{"start":{"line":148,"column":41},"end":{"line":152,"column":3}},"locations":[{"start":{"line":148,"column":41},"end":{"line":152,"column":3}}]},"25":{"type":"branch","line":154,"loc":{"start":{"line":154,"column":39},"end":{"line":158,"column":3}},"locations":[{"start":{"line":154,"column":39},"end":{"line":158,"column":3}}]}},"b":{"0":[1],"1":[1],"2":[1],"3":[1],"4":[1],"5":[1],"6":[1],"7":[1],"8":[1],"9":[1],"10":[1],"11":[1],"12":[1],"13":[1],"14":[1],"15":[1],"16":[1],"17":[1],"18":[1],"19":[1],"20":[1],"21":[1],"22":[1],"23":[1],"24":[1],"25":[1]},"fnMap":{},"f":{}}
,"/Users/florianamette/Code/mdx-blog/package/components/BlogPostSEO.tsx": {"path":"/Users/florianamette/Code/mdx-blog/package/components/BlogPostSEO.tsx","all":false,"statementMap":{"0":{"start":{"line":1,"column":0},"end":{"line":1,"column":26}},"28":{"start":{"line":29,"column":0},"end":{"line":29,"column":29}},"29":{"start":{"line":30,"column":0},"end":{"line":30,"column":7}},"30":{"start":{"line":31,"column":0},"end":{"line":31,"column":9}},"31":{"start":{"line":32,"column":0},"end":{"line":32,"column":14}},"32":{"start":{"line":33,"column":0},"end":{"line":33,"column":28}},"33":{"start":{"line":34,"column":0},"end":{"line":34,"column":22}},"34":{"start":{"line":35,"column":0},"end":{"line":35,"column":43}},"37":{"start":{"line":38,"column":0},"end":{"line":38,"column":65}},"40":{"start":{"line":41,"column":0},"end":{"line":41,"column":46}},"41":{"start":{"line":42,"column":0},"end":{"line":42,"column":62}},"42":{"start":{"line":43,"column":0},"end":{"line":43,"column":11}},"44":{"start":{"line":45,"column":0},"end":{"line":45,"column":10}},"45":{"start":{"line":46,"column":0},"end":{"line":46,"column":6}},"47":{"start":{"line":48,"column":0},"end":{"line":48,"column":13}},"48":{"start":{"line":49,"column":0},"end":{"line":49,"column":34}},"49":{"start":{"line":50,"column":0},"end":{"line":50,"column":75}},"50":{"start":{"line":51,"column":0},"end":{"line":51,"column":8}},"52":{"start":{"line":53,"column":0},"end":{"line":53,"column":29}},"53":{"start":{"line":54,"column":0},"end":{"line":54,"column":15}},"54":{"start":{"line":55,"column":0},"end":{"line":55,"column":36}},"55":{"start":{"line":56,"column":0},"end":{"line":56,"column":81}},"56":{"start":{"line":57,"column":0},"end":{"line":57,"column":10}},"58":{"start":{"line":59,"column":0},"end":{"line":59,"column":7}},"60":{"start":{"line":61,"column":0},"end":{"line":61,"column":1}}},"s":{"0":1,"28":1,"29":5,"30":5,"31":5,"32":5,"33":5,"34":5,"37":5,"40":5,"41":4,"42":1,"44":5,"45":5,"47":5,"48":5,"49":5,"50":5,"52":5,"53":4,"54":4,"55":4,"56":4,"58":5,"60":5},"branchMap":{"0":{"type":"branch","line":29,"loc":{"start":{"line":29,"column":7},"end":{"line":61,"column":1}},"locations":[{"start":{"line":29,"column":7},"end":{"line":61,"column":1}}]},"1":{"type":"branch","line":35,"loc":{"start":{"line":35,"column":21},"end":{"line":35,"column":43}},"locations":[{"start":{"line":35,"column":21},"end":{"line":35,"column":43}}]},"2":{"type":"branch","line":41,"loc":{"start":{"line":41,"column":28},"end":{"line":42,"column":62}},"locations":[{"start":{"line":41,"column":28},"end":{"line":42,"column":62}}]},"3":{"type":"branch","line":42,"loc":{"start":{"line":42,"column":61},"end":{"line":43,"column":11}},"locations":[{"start":{"line":42,"column":61},"end":{"line":43,"column":11}}]},"4":{"type":"branch","line":53,"loc":{"start":{"line":53,"column":7},"end":{"line":57,"column":10}},"locations":[{"start":{"line":53,"column":7},"end":{"line":57,"column":10}}]}},"b":{"0":[5],"1":[4],"2":[4],"3":[1],"4":[4]},"fnMap":{"0":{"name":"BlogPostSEO","decl":{"start":{"line":29,"column":7},"end":{"line":61,"column":1}},"loc":{"start":{"line":29,"column":7},"end":{"line":61,"column":1}},"line":29}},"f":{"0":5}}
,"/Users/florianamette/Code/mdx-blog/package/components/MarkdownContent.tsx": {"path":"/Users/florianamette/Code/mdx-blog/package/components/MarkdownContent.tsx","all":false,"statementMap":{"0":{"start":{"line":1,"column":0},"end":{"line":1,"column":26}},"53":{"start":{"line":54,"column":0},"end":{"line":54,"column":33}},"54":{"start":{"line":55,"column":0},"end":{"line":55,"column":10}},"55":{"start":{"line":56,"column":0},"end":{"line":56,"column":17}},"56":{"start":{"line":57,"column":0},"end":{"line":57,"column":13}},"57":{"start":{"line":58,"column":0},"end":{"line":58,"column":21}},"58":{"start":{"line":59,"column":0},"end":{"line":59,"column":21}},"59":{"start":{"line":60,"column":0},"end":{"line":60,"column":26}},"60":{"start":{"line":61,"column":0},"end":{"line":61,"column":48}},"61":{"start":{"line":62,"column":0},"end":{"line":62,"column":67}},"62":{"start":{"line":63,"column":0},"end":{"line":63,"column":3}},"66":{"start":{"line":67,"column":0},"end":{"line":67,"column":40}},"67":{"start":{"line":68,"column":0},"end":{"line":68,"column":33}},"68":{"start":{"line":69,"column":0},"end":{"line":69,"column":18}},"69":{"start":{"line":70,"column":0},"end":{"line":70,"column":4}},"72":{"start":{"line":73,"column":0},"end":{"line":73,"column":74}},"74":{"start":{"line":75,"column":0},"end":{"line":75,"column":10}},"75":{"start":{"line":76,"column":0},"end":{"line":76,"column":144}},"76":{"start":{"line":77,"column":0},"end":{"line":77,"column":20}},"77":{"start":{"line":78,"column":0},"end":{"line":78,"column":44}},"78":{"start":{"line":79,"column":0},"end":{"line":79,"column":37}},"79":{"start":{"line":80,"column":0},"end":{"line":80,"column":37}},"81":{"start":{"line":82,"column":0},"end":{"line":82,"column":17}},"82":{"start":{"line":83,"column":0},"end":{"line":83,"column":22}},"83":{"start":{"line":84,"column":0},"end":{"line":84,"column":14}},"85":{"start":{"line":86,"column":0},"end":{"line":86,"column":1}}},"s":{"0":1,"53":1,"54":9,"55":9,"56":9,"57":9,"58":9,"59":9,"60":9,"61":3,"62":3,"66":6,"67":6,"68":6,"69":6,"72":6,"74":6,"75":9,"76":9,"77":9,"78":9,"79":9,"81":9,"82":9,"83":9,"85":9},"branchMap":{"0":{"type":"branch","line":54,"loc":{"start":{"line":54,"column":7},"end":{"line":86,"column":1}},"locations":[{"start":{"line":54,"column":7},"end":{"line":86,"column":1}}]},"1":{"type":"branch","line":61,"loc":{"start":{"line":61,"column":7},"end":{"line":61,"column":47}},"locations":[{"start":{"line":61,"column":7},"end":{"line":61,"column":47}}]},"2":{"type":"branch","line":61,"loc":{"start":{"line":61,"column":47},"end":{"line":63,"column":3}},"locations":[{"start":{"line":61,"column":47},"end":{"line":63,"column":3}}]},"3":{"type":"branch","line":63,"loc":{"start":{"line":63,"column":2},"end":{"line":76,"column":36}},"locations":[{"start":{"line":63,"column":2},"end":{"line":76,"column":36}}]},"4":{"type":"branch","line":76,"loc":{"start":{"line":76,"column":24},"end":{"line":76,"column":97}},"locations":[{"start":{"line":76,"column":24},"end":{"line":76,"column":97}}]},"5":{"type":"branch","line":76,"loc":{"start":{"line":76,"column":92},"end":{"line":76,"column":144}},"locations":[{"start":{"line":76,"column":92},"end":{"line":76,"column":144}}]}},"b":{"0":[9],"1":[6],"2":[3],"3":[6],"4":[1],"5":[5]},"fnMap":{"0":{"name":"MarkdownContent","decl":{"start":{"line":54,"column":7},"end":{"line":86,"column":1}},"loc":{"start":{"line":54,"column":7},"end":{"line":86,"column":1}},"line":54}},"f":{"0":9}}
,"/Users/florianamette/Code/mdx-blog/package/components/OgImage.tsx": {"path":"/Users/florianamette/Code/mdx-blog/package/components/OgImage.tsx","all":false,"statementMap":{"0":{"start":{"line":1,"column":0},"end":{"line":1,"column":26}},"35":{"start":{"line":36,"column":0},"end":{"line":36,"column":25}},"36":{"start":{"line":37,"column":0},"end":{"line":37,"column":8}},"37":{"start":{"line":38,"column":0},"end":{"line":38,"column":14}},"38":{"start":{"line":39,"column":0},"end":{"line":39,"column":23}},"39":{"start":{"line":40,"column":0},"end":{"line":40,"column":30}},"40":{"start":{"line":41,"column":0},"end":{"line":41,"column":24}},"41":{"start":{"line":42,"column":0},"end":{"line":42,"column":15}},"42":{"start":{"line":43,"column":0},"end":{"line":43,"column":15}},"43":{"start":{"line":44,"column":0},"end":{"line":44,"column":31}},"44":{"start":{"line":45,"column":0},"end":{"line":45,"column":10}},"45":{"start":{"line":46,"column":0},"end":{"line":46,"column":8}},"46":{"start":{"line":47,"column":0},"end":{"line":47,"column":14}},"47":{"start":{"line":48,"column":0},"end":{"line":48,"column":14}},"48":{"start":{"line":49,"column":0},"end":{"line":49,"column":15}},"49":{"start":{"line":50,"column":0},"end":{"line":50,"column":24}},"50":{"start":{"line":51,"column":0},"end":{"line":51,"column":25}},"51":{"start":{"line":52,"column":0},"end":{"line":52,"column":24}},"52":{"start":{"line":53,"column":0},"end":{"line":53,"column":32}},"53":{"start":{"line":54,"column":0},"end":{"line":54,"column":33}},"54":{"start":{"line":55,"column":0},"end":{"line":55,"column":29}},"55":{"start":{"line":56,"column":0},"end":{"line":56,"column":24}},"56":{"start":{"line":57,"column":0},"end":{"line":57,"column":59}},"57":{"start":{"line":58,"column":0},"end":{"line":58,"column":8}},"59":{"start":{"line":60,"column":0},"end":{"line":60,"column":10}},"60":{"start":{"line":61,"column":0},"end":{"line":61,"column":16}},"61":{"start":{"line":62,"column":0},"end":{"line":62,"column":26}},"62":{"start":{"line":63,"column":0},"end":{"line":63,"column":34}},"63":{"start":{"line":64,"column":0},"end":{"line":64,"column":31}},"64":{"start":{"line":65,"column":0},"end":{"line":65,"column":30}},"65":{"start":{"line":66,"column":0},"end":{"line":66,"column":29}},"66":{"start":{"line":67,"column":0},"end":{"line":67,"column":10}},"68":{"start":{"line":69,"column":0},"end":{"line":69,"column":22}},"69":{"start":{"line":70,"column":0},"end":{"line":70,"column":14}},"70":{"start":{"line":71,"column":0},"end":{"line":71,"column":20}},"71":{"start":{"line":72,"column":0},"end":{"line":72,"column":31}},"72":{"start":{"line":73,"column":0},"end":{"line":73,"column":27}},"73":{"start":{"line":74,"column":0},"end":{"line":74,"column":35}},"74":{"start":{"line":75,"column":0},"end":{"line":75,"column":30}},"75":{"start":{"line":76,"column":0},"end":{"line":76,"column":14}},"77":{"start":{"line":78,"column":0},"end":{"line":78,"column":22}},"78":{"start":{"line":79,"column":0},"end":{"line":79,"column":16}},"80":{"start":{"line":81,"column":0},"end":{"line":81,"column":11}},"81":{"start":{"line":82,"column":0},"end":{"line":82,"column":18}},"82":{"start":{"line":83,"column":0},"end":{"line":83,"column":29}},"83":{"start":{"line":84,"column":0},"end":{"line":84,"column":28}},"84":{"start":{"line":85,"column":0},"end":{"line":85,"column":22}},"85":{"start":{"line":86,"column":0},"end":{"line":86,"column":51}},"86":{"start":{"line":87,"column":0},"end":{"line":87,"column":28}},"87":{"start":{"line":88,"column":0},"end":{"line":88,"column":35}},"88":{"start":{"line":89,"column":0},"end":{"line":89,"column":12}},"90":{"start":{"line":91,"column":0},"end":{"line":91,"column":17}},"91":{"start":{"line":92,"column":0},"end":{"line":92,"column":13}},"92":{"start":{"line":93,"column":0},"end":{"line":93,"column":25}},"93":{"start":{"line":94,"column":0},"end":{"line":94,"column":12}},"94":{"start":{"line":95,"column":0},"end":{"line":95,"column":20}},"95":{"start":{"line":96,"column":0},"end":{"line":96,"column":31}},"96":{"start":{"line":97,"column":0},"end":{"line":97,"column":27}},"97":{"start":{"line":98,"column":0},"end":{"line":98,"column":24}},"98":{"start":{"line":99,"column":0},"end":{"line":99,"column":30}},"99":{"start":{"line":100,"column":0},"end":{"line":100,"column":37}},"100":{"start":{"line":101,"column":0},"end":{"line":101,"column":14}},"102":{"start":{"line":103,"column":0},"end":{"line":103,"column":25}},"103":{"start":{"line":104,"column":0},"end":{"line":104,"column":14}},"105":{"start":{"line":106,"column":0},"end":{"line":106,"column":12}},"106":{"start":{"line":107,"column":0},"end":{"line":107,"column":10}},"108":{"start":{"line":109,"column":0},"end":{"line":109,"column":1}}},"s":{"0":1,"35":1,"36":9,"37":9,"38":9,"39":9,"40":9,"41":9,"42":9,"43":9,"44":9,"45":9,"46":9,"47":9,"48":9,"49":9,"50":9,"51":9,"52":9,"53":9,"54":9,"55":9,"56":9,"57":9,"59":9,"60":9,"61":9,"62":9,"63":9,"64":9,"65":9,"66":9,"68":9,"69":9,"70":9,"71":9,"72":9,"73":9,"74":9,"75":9,"77":9,"78":9,"80":9,"81":9,"82":9,"83":9,"84":9,"85":9,"86":9,"87":9,"88":9,"90":9,"91":9,"92":9,"93":2,"94":2,"95":2,"96":2,"97":2,"98":2,"99":2,"100":2,"102":2,"103":2,"105":9,"106":9,"108":9},"branchMap":{"0":{"type":"branch","line":36,"loc":{"start":{"line":36,"column":7},"end":{"line":109,"column":1}},"locations":[{"start":{"line":36,"column":7},"end":{"line":109,"column":1}}]},"1":{"type":"branch","line":86,"loc":{"start":{"line":86,"column":26},"end":{"line":86,"column":49}},"locations":[{"start":{"line":86,"column":26},"end":{"line":86,"column":49}}]},"2":{"type":"branch","line":86,"loc":{"start":{"line":86,"column":40},"end":{"line":86,"column":51}},"locations":[{"start":{"line":86,"column":40},"end":{"line":86,"column":51}}]},"3":{"type":"branch","line":93,"loc":{"start":{"line":93,"column":9},"end":{"line":104,"column":14}},"locations":[{"start":{"line":93,"column":9},"end":{"line":104,"column":14}}]}},"b":{"0":[9],"1":[2],"2":[7],"3":[2]},"fnMap":{"0":{"name":"OgImage","decl":{"start":{"line":36,"column":7},"end":{"line":109,"column":1}},"loc":{"start":{"line":36,"column":7},"end":{"line":109,"column":1}},"line":36}},"f":{"0":9}}
,"/Users/florianamette/Code/mdx-blog/package/components/__tests__/BlogPostSEO.test.tsx": {"path":"/Users/florianamette/Code/mdx-blog/package/components/__tests__/BlogPostSEO.test.tsx","all":false,"statementMap":{"0":{"start":{"line":1,"column":0},"end":{"line":1,"column":46}},"1":{"start":{"line":2,"column":0},"end":{"line":2,"column":45}},"2":{"start":{"line":3,"column":0},"end":{"line":3,"column":85}},"7":{"start":{"line":8,"column":0},"end":{"line":8,"column":31}},"8":{"start":{"line":9,"column":0},"end":{"line":9,"column":36}},"9":{"start":{"line":10,"column":0},"end":{"line":10,"column":48}},"10":{"start":{"line":11,"column":0},"end":{"line":11,"column":5}},"12":{"start":{"line":13,"column":0},"end":{"line":13,"column":39}},"13":{"start":{"line":14,"column":0},"end":{"line":14,"column":38}},"14":{"start":{"line":15,"column":0},"end":{"line":15,"column":19}},"15":{"start":{"line":16,"column":0},"end":{"line":16,"column":11}},"16":{"start":{"line":17,"column":0},"end":{"line":17,"column":6}},"17":{"start":{"line":18,"column":0},"end":{"line":18,"column":51}},"18":{"start":{"line":19,"column":0},"end":{"line":19,"column":5}},"20":{"start":{"line":21,"column":0},"end":{"line":21,"column":41}},"21":{"start":{"line":22,"column":0},"end":{"line":22,"column":38}},"22":{"start":{"line":23,"column":0},"end":{"line":23,"column":38}},"23":{"start":{"line":24,"column":0},"end":{"line":24,"column":19}},"24":{"start":{"line":25,"column":0},"end":{"line":25,"column":11}},"25":{"start":{"line":26,"column":0},"end":{"line":26,"column":13}},"26":{"start":{"line":27,"column":0},"end":{"line":27,"column":6}},"27":{"start":{"line":28,"column":0},"end":{"line":28,"column":51}},"28":{"start":{"line":29,"column":0},"end":{"line":29,"column":5}},"30":{"start":{"line":31,"column":0},"end":{"line":31,"column":46}},"31":{"start":{"line":32,"column":0},"end":{"line":32,"column":38}},"32":{"start":{"line":33,"column":0},"end":{"line":33,"column":25}},"33":{"start":{"line":34,"column":0},"end":{"line":34,"column":33}},"34":{"start":{"line":35,"column":0},"end":{"line":35,"column":37}},"35":{"start":{"line":36,"column":0},"end":{"line":36,"column":6}},"36":{"start":{"line":37,"column":0},"end":{"line":37,"column":19}},"37":{"start":{"line":38,"column":0},"end":{"line":38,"column":11}},"38":{"start":{"line":39,"column":0},"end":{"line":39,"column":18}},"39":{"start":{"line":40,"column":0},"end":{"line":40,"column":6}},"40":{"start":{"line":41,"column":0},"end":{"line":41,"column":51}},"41":{"start":{"line":42,"column":0},"end":{"line":42,"column":5}},"43":{"start":{"line":44,"column":0},"end":{"line":44,"column":53}},"44":{"start":{"line":45,"column":0},"end":{"line":45,"column":38}},"45":{"start":{"line":46,"column":0},"end":{"line":46,"column":19}},"46":{"start":{"line":47,"column":0},"end":{"line":47,"column":11}},"47":{"start":{"line":48,"column":0},"end":{"line":48,"column":32}},"48":{"start":{"line":49,"column":0},"end":{"line":49,"column":6}},"49":{"start":{"line":50,"column":0},"end":{"line":50,"column":51}},"50":{"start":{"line":51,"column":0},"end":{"line":51,"column":5}},"52":{"start":{"line":53,"column":0},"end":{"line":53,"column":62}},"53":{"start":{"line":54,"column":0},"end":{"line":54,"column":38}},"54":{"start":{"line":55,"column":0},"end":{"line":55,"column":19}},"55":{"start":{"line":56,"column":0},"end":{"line":56,"column":11}},"56":{"start":{"line":57,"column":0},"end":{"line":57,"column":6}},"58":{"start":{"line":59,"column":0},"end":{"line":59,"column":51}},"59":{"start":{"line":60,"column":0},"end":{"line":60,"column":5}},"60":{"start":{"line":61,"column":0},"end":{"line":61,"column":3}}},"s":{"0":1,"1":1,"2":1,"7":1,"8":1,"9":1,"10":1,"12":1,"13":1,"14":1,"15":1,"16":1,"17":1,"18":1,"20":1,"21":1,"22":1,"23":1,"24":1,"25":1,"26":1,"27":1,"28":1,"30":1,"31":1,"32":1,"33":1,"34":1,"35":1,"36":1,"37":1,"38":1,"39":1,"40":1,"41":1,"43":1,"44":1,"45":1,"46":1,"47":1,"48":1,"49":1,"50":1,"52":1,"53":1,"54":1,"55":1,"56":1,"58":1,"59":1,"60":1},"branchMap":{"0":{"type":"branch","line":8,"loc":{"start":{"line":8,"column":24},"end":{"line":61,"column":3}},"locations":[{"start":{"line":8,"column":24},"end":{"line":61,"column":3}}]},"1":{"type":"branch","line":9,"loc":{"start":{"line":9,"column":29},"end":{"line":11,"column":3}},"locations":[{"start":{"line":9,"column":29},"end":{"line":11,"column":3}}]},"2":{"type":"branch","line":13,"loc":{"start":{"line":13,"column":32},"end":{"line":19,"column":3}},"locations":[{"start":{"line":13,"column":32},"end":{"line":19,"column":3}}]},"3":{"type":"branch","line":18,"loc":{"start":{"line":18,"column":11},"end":{"line":18,"column":35}},"locations":[{"start":{"line":18,"column":11},"end":{"line":18,"column":35}}]},"4":{"type":"branch","line":21,"loc":{"start":{"line":21,"column":34},"end":{"line":29,"column":3}},"locations":[{"start":{"line":21,"column":34},"end":{"line":29,"column":3}}]},"5":{"type":"branch","line":28,"loc":{"start":{"line":28,"column":11},"end":{"line":28,"column":35}},"locations":[{"start":{"line":28,"column":11},"end":{"line":28,"column":35}}]},"6":{"type":"branch","line":31,"loc":{"start":{"line":31,"column":39},"end":{"line":42,"column":3}},"locations":[{"start":{"line":31,"column":39},"end":{"line":42,"column":3}}]},"7":{"type":"branch","line":41,"loc":{"start":{"line":41,"column":11},"end":{"line":41,"column":35}},"locations":[{"start":{"line":41,"column":11},"end":{"line":41,"column":35}}]},"8":{"type":"branch","line":44,"loc":{"start":{"line":44,"column":46},"end":{"line":51,"column":3}},"locations":[{"start":{"line":44,"column":46},"end":{"line":51,"column":3}}]},"9":{"type":"branch","line":50,"loc":{"start":{"line":50,"column":11},"end":{"line":50,"column":35}},"locations":[{"start":{"line":50,"column":11},"end":{"line":50,"column":35}}]},"10":{"type":"branch","line":53,"loc":{"start":{"line":53,"column":55},"end":{"line":60,"column":3}},"locations":[{"start":{"line":53,"column":55},"end":{"line":60,"column":3}}]},"11":{"type":"branch","line":59,"loc":{"start":{"line":59,"column":11},"end":{"line":59,"column":35}},"locations":[{"start":{"line":59,"column":11},"end":{"line":59,"column":35}}]}},"b":{"0":[1],"1":[1],"2":[1],"3":[1],"4":[1],"5":[1],"6":[1],"7":[1],"8":[1],"9":[1],"10":[1],"11":[1]},"fnMap":{},"f":{}}
,"/Users/florianamette/Code/mdx-blog/package/components/__tests__/MarkdownContent.test.tsx": {"path":"/Users/florianamette/Code/mdx-blog/package/components/__tests__/MarkdownContent.test.tsx","all":false,"statementMap":{"0":{"start":{"line":1,"column":0},"end":{"line":1,"column":46}},"1":{"start":{"line":2,"column":0},"end":{"line":2,"column":53}},"3":{"start":{"line":4,"column":0},"end":{"line":4,"column":35}},"4":{"start":{"line":5,"column":0},"end":{"line":5,"column":36}},"5":{"start":{"line":6,"column":0},"end":{"line":6,"column":52}},"6":{"start":{"line":7,"column":0},"end":{"line":7,"column":5}},"8":{"start":{"line":9,"column":0},"end":{"line":9,"column":42}},"9":{"start":{"line":10,"column":0},"end":{"line":10,"column":19}},"10":{"start":{"line":11,"column":0},"end":{"line":11,"column":31}},"11":{"start":{"line":12,"column":0},"end":{"line":12,"column":6}},"12":{"start":{"line":13,"column":0},"end":{"line":13,"column":55}},"13":{"start":{"line":14,"column":0},"end":{"line":14,"column":5}},"15":{"start":{"line":16,"column":0},"end":{"line":16,"column":54}},"16":{"start":{"line":17,"column":0},"end":{"line":17,"column":78}},"17":{"start":{"line":18,"column":0},"end":{"line":18,"column":101}},"18":{"start":{"line":19,"column":0},"end":{"line":19,"column":106}},"19":{"start":{"line":20,"column":0},"end":{"line":20,"column":5}},"21":{"start":{"line":22,"column":0},"end":{"line":22,"column":44}},"22":{"start":{"line":23,"column":0},"end":{"line":23,"column":19}},"23":{"start":{"line":24,"column":0},"end":{"line":24,"column":31}},"24":{"start":{"line":25,"column":0},"end":{"line":25,"column":32}},"25":{"start":{"line":26,"column":0},"end":{"line":26,"column":6}},"26":{"start":{"line":27,"column":0},"end":{"line":27,"column":55}},"27":{"start":{"line":28,"column":0},"end":{"line":28,"column":5}},"29":{"start":{"line":30,"column":0},"end":{"line":30,"column":45}},"30":{"start":{"line":31,"column":0},"end":{"line":31,"column":19}},"31":{"start":{"line":32,"column":0},"end":{"line":32,"column":31}},"32":{"start":{"line":33,"column":0},"end":{"line":33,"column":19}},"33":{"start":{"line":34,"column":0},"end":{"line":34,"column":81}},"34":{"start":{"line":35,"column":0},"end":{"line":35,"column":8}},"35":{"start":{"line":36,"column":0},"end":{"line":36,"column":6}},"36":{"start":{"line":37,"column":0},"end":{"line":37,"column":55}},"37":{"start":{"line":38,"column":0},"end":{"line":38,"column":5}},"39":{"start":{"line":40,"column":0},"end":{"line":40,"column":48}},"40":{"start":{"line":41,"column":0},"end":{"line":41,"column":19}},"41":{"start":{"line":42,"column":0},"end":{"line":42,"column":31}},"42":{"start":{"line":43,"column":0},"end":{"line":43,"column":24}},"43":{"start":{"line":44,"column":0},"end":{"line":44,"column":6}},"44":{"start":{"line":45,"column":0},"end":{"line":45,"column":55}},"45":{"start":{"line":46,"column":0},"end":{"line":46,"column":5}},"47":{"start":{"line":48,"column":0},"end":{"line":48,"column":48}},"48":{"start":{"line":49,"column":0},"end":{"line":49,"column":19}},"49":{"start":{"line":50,"column":0},"end":{"line":50,"column":31}},"50":{"start":{"line":51,"column":0},"end":{"line":51,"column":24}},"51":{"start":{"line":52,"column":0},"end":{"line":52,"column":6}},"52":{"start":{"line":53,"column":0},"end":{"line":53,"column":55}},"53":{"start":{"line":54,"column":0},"end":{"line":54,"column":5}},"55":{"start":{"line":56,"column":0},"end":{"line":56,"column":61}},"56":{"start":{"line":57,"column":0},"end":{"line":57,"column":19}},"57":{"start":{"line":58,"column":0},"end":{"line":58,"column":31}},"58":{"start":{"line":59,"column":0},"end":{"line":59,"column":6}},"59":{"start":{"line":60,"column":0},"end":{"line":60,"column":55}},"60":{"start":{"line":61,"column":0},"end":{"line":61,"column":5}},"61":{"start":{"line":62,"column":0},"end":{"line":62,"column":3}}},"s":{"0":1,"1":1,"3":1,"4":1,"5":1,"6":1,"8":1,"9":1,"10":1,"11":1,"12":1,"13":1,"15":1,"16":1,"17":1,"18":1,"19":1,"21":1,"22":1,"23":1,"24":1,"25":1,"26":1,"27":1,"29":1,"30":1,"31":1,"32":1,"33":1,"34":1,"35":1,"36":1,"37":1,"39":1,"40":1,"41":1,"42":1,"43":1,"44":1,"45":1,"47":1,"48":1,"49":1,"50":1,"51":1,"52":1,"53":1,"55":1,"56":1,"57":1,"58":1,"59":1,"60":1,"61":1},"branchMap":{"0":{"type":"branch","line":4,"loc":{"start":{"line":4,"column":28},"end":{"line":62,"column":3}},"locations":[{"start":{"line":4,"column":28},"end":{"line":62,"column":3}}]},"1":{"type":"branch","line":5,"loc":{"start":{"line":5,"column":29},"end":{"line":7,"column":3}},"locations":[{"start":{"line":5,"column":29},"end":{"line":7,"column":3}}]},"2":{"type":"branch","line":9,"loc":{"start":{"line":9,"column":35},"end":{"line":14,"column":3}},"locations":[{"start":{"line":9,"column":35},"end":{"line":14,"column":3}}]},"3":{"type":"branch","line":13,"loc":{"start":{"line":13,"column":11},"end":{"line":13,"column":39}},"locations":[{"start":{"line":13,"column":11},"end":{"line":13,"column":39}}]},"4":{"type":"branch","line":16,"loc":{"start":{"line":16,"column":47},"end":{"line":20,"column":3}},"locations":[{"start":{"line":16,"column":47},"end":{"line":20,"column":3}}]},"5":{"type":"branch","line":17,"loc":{"start":{"line":17,"column":11},"end":{"line":17,"column":49}},"locations":[{"start":{"line":17,"column":11},"end":{"line":17,"column":49}}]},"6":{"type":"branch","line":18,"loc":{"start":{"line":18,"column":11},"end":{"line":18,"column":72}},"locations":[{"start":{"line":18,"column":11},"end":{"line":18,"column":72}}]},"7":{"type":"branch","line":19,"loc":{"start":{"line":19,"column":11},"end":{"line":19,"column":77}},"locations":[{"start":{"line":19,"column":11},"end":{"line":19,"column":77}}]},"8":{"type":"branch","line":22,"loc":{"start":{"line":22,"column":37},"end":{"line":28,"column":3}},"locations":[{"start":{"line":22,"column":37},"end":{"line":28,"column":3}}]},"9":{"type":"branch","line":27,"loc":{"start":{"line":27,"column":11},"end":{"line":27,"column":39}},"locations":[{"start":{"line":27,"column":11},"end":{"line":27,"column":39}}]},"10":{"type":"branch","line":30,"loc":{"start":{"line":30,"column":38},"end":{"line":38,"column":3}},"locations":[{"start":{"line":30,"column":38},"end":{"line":38,"column":3}}]},"11":{"type":"branch","line":37,"loc":{"start":{"line":37,"column":11},"end":{"line":37,"column":39}},"locations":[{"start":{"line":37,"column":11},"end":{"line":37,"column":39}}]},"12":{"type":"branch","line":40,"loc":{"start":{"line":40,"column":41},"end":{"line":46,"column":3}},"locations":[{"start":{"line":40,"column":41},"end":{"line":46,"column":3}}]},"13":{"type":"branch","line":45,"loc":{"start":{"line":45,"column":11},"end":{"line":45,"column":39}},"locations":[{"start":{"line":45,"column":11},"end":{"line":45,"column":39}}]},"14":{"type":"branch","line":48,"loc":{"start":{"line":48,"column":41},"end":{"line":54,"column":3}},"locations":[{"start":{"line":48,"column":41},"end":{"line":54,"column":3}}]},"15":{"type":"branch","line":53,"loc":{"start":{"line":53,"column":11},"end":{"line":53,"column":39}},"locations":[{"start":{"line":53,"column":11},"end":{"line":53,"column":39}}]},"16":{"type":"branch","line":56,"loc":{"start":{"line":56,"column":54},"end":{"line":61,"column":3}},"locations":[{"start":{"line":56,"column":54},"end":{"line":61,"column":3}}]},"17":{"type":"branch","line":60,"loc":{"start":{"line":60,"column":11},"end":{"line":60,"column":39}},"locations":[{"start":{"line":60,"column":11},"end":{"line":60,"column":39}}]}},"b":{"0":[1],"1":[1],"2":[1],"3":[1],"4":[1],"5":[1],"6":[1],"7":[1],"8":[1],"9":[1],"10":[1],"11":[1],"12":[1],"13":[1],"14":[1],"15":[1],"16":[1],"17":[1]},"fnMap":{"0":{"name":"h1","decl":{"start":{"line":34,"column":12},"end":{"line":34,"column":81}},"loc":{"start":{"line":34,"column":12},"end":{"line":34,"column":81}},"line":34}},"f":{"0":0}}
,"/Users/florianamette/Code/mdx-blog/package/components/__tests__/OgImage.test.tsx": {"path":"/Users/florianamette/Code/mdx-blog/package/components/__tests__/OgImage.test.tsx","all":false,"statementMap":{"0":{"start":{"line":1,"column":0},"end":{"line":1,"column":46}},"1":{"start":{"line":2,"column":0},"end":{"line":2,"column":37}},"3":{"start":{"line":4,"column":0},"end":{"line":4,"column":27}},"4":{"start":{"line":5,"column":0},"end":{"line":5,"column":36}},"5":{"start":{"line":6,"column":0},"end":{"line":6,"column":44}},"6":{"start":{"line":7,"column":0},"end":{"line":7,"column":5}},"8":{"start":{"line":9,"column":0},"end":{"line":9,"column":40}},"9":{"start":{"line":10,"column":0},"end":{"line":10,"column":19}},"10":{"start":{"line":11,"column":0},"end":{"line":11,"column":26}},"11":{"start":{"line":12,"column":0},"end":{"line":12,"column":6}},"12":{"start":{"line":13,"column":0},"end":{"line":13,"column":47}},"13":{"start":{"line":14,"column":0},"end":{"line":14,"column":5}},"15":{"start":{"line":16,"column":0},"end":{"line":16,"column":46}},"16":{"start":{"line":17,"column":0},"end":{"line":17,"column":19}},"17":{"start":{"line":18,"column":0},"end":{"line":18,"column":26}},"18":{"start":{"line":19,"column":0},"end":{"line":19,"column":38}},"19":{"start":{"line":20,"column":0},"end":{"line":20,"column":6}},"20":{"start":{"line":21,"column":0},"end":{"line":21,"column":47}},"21":{"start":{"line":22,"column":0},"end":{"line":22,"column":5}},"23":{"start":{"line":24,"column":0},"end":{"line":24,"column":43}},"24":{"start":{"line":25,"column":0},"end":{"line":25,"column":19}},"25":{"start":{"line":26,"column":0},"end":{"line":26,"column":26}},"26":{"start":{"line":27,"column":0},"end":{"line":27,"column":26}},"27":{"start":{"line":28,"column":0},"end":{"line":28,"column":6}},"28":{"start":{"line":29,"column":0},"end":{"line":29,"column":47}},"29":{"start":{"line":30,"column":0},"end":{"line":30,"column":5}},"31":{"start":{"line":32,"column":0},"end":{"line":32,"column":50}},"32":{"start":{"line":33,"column":0},"end":{"line":33,"column":19}},"33":{"start":{"line":34,"column":0},"end":{"line":34,"column":26}},"34":{"start":{"line":35,"column":0},"end":{"line":35,"column":33}},"35":{"start":{"line":36,"column":0},"end":{"line":36,"column":6}},"36":{"start":{"line":37,"column":0},"end":{"line":37,"column":47}},"37":{"start":{"line":38,"column":0},"end":{"line":38,"column":5}},"39":{"start":{"line":40,"column":0},"end":{"line":40,"column":44}},"40":{"start":{"line":41,"column":0},"end":{"line":41,"column":19}},"41":{"start":{"line":42,"column":0},"end":{"line":42,"column":26}},"42":{"start":{"line":43,"column":0},"end":{"line":43,"column":27}},"43":{"start":{"line":44,"column":0},"end":{"line":44,"column":6}},"44":{"start":{"line":45,"column":0},"end":{"line":45,"column":47}},"45":{"start":{"line":46,"column":0},"end":{"line":46,"column":5}},"47":{"start":{"line":48,"column":0},"end":{"line":48,"column":40}},"48":{"start":{"line":49,"column":0},"end":{"line":49,"column":19}},"49":{"start":{"line":50,"column":0},"end":{"line":50,"column":26}},"50":{"start":{"line":51,"column":0},"end":{"line":51,"column":18}},"51":{"start":{"line":52,"column":0},"end":{"line":52,"column":6}},"52":{"start":{"line":53,"column":0},"end":{"line":53,"column":47}},"53":{"start":{"line":54,"column":0},"end":{"line":54,"column":5}},"55":{"start":{"line":56,"column":0},"end":{"line":56,"column":41}},"56":{"start":{"line":57,"column":0},"end":{"line":57,"column":19}},"57":{"start":{"line":58,"column":0},"end":{"line":58,"column":26}},"58":{"start":{"line":59,"column":0},"end":{"line":59,"column":18}},"59":{"start":{"line":60,"column":0},"end":{"line":60,"column":6}},"60":{"start":{"line":61,"column":0},"end":{"line":61,"column":47}},"61":{"start":{"line":62,"column":0},"end":{"line":62,"column":5}},"63":{"start":{"line":64,"column":0},"end":{"line":64,"column":42}},"64":{"start":{"line":65,"column":0},"end":{"line":65,"column":19}},"65":{"start":{"line":66,"column":0},"end":{"line":66,"column":26}},"66":{"start":{"line":67,"column":0},"end":{"line":67,"column":6}},"67":{"start":{"line":68,"column":0},"end":{"line":68,"column":47}},"68":{"start":{"line":69,"column":0},"end":{"line":69,"column":5}},"70":{"start":{"line":71,"column":0},"end":{"line":71,"column":48}},"71":{"start":{"line":72,"column":0},"end":{"line":72,"column":19}},"72":{"start":{"line":73,"column":0},"end":{"line":73,"column":26}},"73":{"start":{"line":74,"column":0},"end":{"line":74,"column":38}},"74":{"start":{"line":75,"column":0},"end":{"line":75,"column":26}},"75":{"start":{"line":76,"column":0},"end":{"line":76,"column":33}},"76":{"start":{"line":77,"column":0},"end":{"line":77,"column":27}},"77":{"start":{"line":78,"column":0},"end":{"line":78,"column":18}},"78":{"start":{"line":79,"column":0},"end":{"line":79,"column":18}},"79":{"start":{"line":80,"column":0},"end":{"line":80,"column":6}},"80":{"start":{"line":81,"column":0},"end":{"line":81,"column":47}},"81":{"start":{"line":82,"column":0},"end":{"line":82,"column":5}},"82":{"start":{"line":83,"column":0},"end":{"line":83,"column":3}}},"s":{"0":1,"1":1,"3":1,"4":1,"5":1,"6":1,"8":1,"9":1,"10":1,"11":1,"12":1,"13":1,"15":1,"16":1,"17":1,"18":1,"19":1,"20":1,"21":1,"23":1,"24":1,"25":1,"26":1,"27":1,"28":1,"29":1,"31":1,"32":1,"33":1,"34":1,"35":1,"36":1,"37":1,"39":1,"40":1,"41":1,"42":1,"43":1,"44":1,"45":1,"47":1,"48":1,"49":1,"50":1,"51":1,"52":1,"53":1,"55":1,"56":1,"57":1,"58":1,"59":1,"60":1,"61":1,"63":1,"64":1,"65":1,"66":1,"67":1,"68":1,"70":1,"71":1,"72":1,"73":1,"74":1,"75":1,"76":1,"77":1,"78":1,"79":1,"80":1,"81":1,"82":1},"branchMap":{"0":{"type":"branch","line":4,"loc":{"start":{"line":4,"column":20},"end":{"line":83,"column":3}},"locations":[{"start":{"line":4,"column":20},"end":{"line":83,"column":3}}]},"1":{"type":"branch","line":5,"loc":{"start":{"line":5,"column":29},"end":{"line":7,"column":3}},"locations":[{"start":{"line":5,"column":29},"end":{"line":7,"column":3}}]},"2":{"type":"branch","line":9,"loc":{"start":{"line":9,"column":33},"end":{"line":14,"column":3}},"locations":[{"start":{"line":9,"column":33},"end":{"line":14,"column":3}}]},"3":{"type":"branch","line":13,"loc":{"start":{"line":13,"column":11},"end":{"line":13,"column":31}},"locations":[{"start":{"line":13,"column":11},"end":{"line":13,"column":31}}]},"4":{"type":"branch","line":16,"loc":{"start":{"line":16,"column":39},"end":{"line":22,"column":3}},"locations":[{"start":{"line":16,"column":39},"end":{"line":22,"column":3}}]},"5":{"type":"branch","line":21,"loc":{"start":{"line":21,"column":11},"end":{"line":21,"column":31}},"locations":[{"start":{"line":21,"column":11},"end":{"line":21,"column":31}}]},"6":{"type":"branch","line":24,"loc":{"start":{"line":24,"column":36},"end":{"line":30,"column":3}},"locations":[{"start":{"line":24,"column":36},"end":{"line":30,"column":3}}]},"7":{"type":"branch","line":29,"loc":{"start":{"line":29,"column":11},"end":{"line":29,"column":31}},"locations":[{"start":{"line":29,"column":11},"end":{"line":29,"column":31}}]},"8":{"type":"branch","line":32,"loc":{"start":{"line":32,"column":43},"end":{"line":38,"column":3}},"locations":[{"start":{"line":32,"column":43},"end":{"line":38,"column":3}}]},"9":{"type":"branch","line":37,"loc":{"start":{"line":37,"column":11},"end":{"line":37,"column":31}},"locations":[{"start":{"line":37,"column":11},"end":{"line":37,"column":31}}]},"10":{"type":"branch","line":40,"loc":{"start":{"line":40,"column":37},"end":{"line":46,"column":3}},"locations":[{"start":{"line":40,"column":37},"end":{"line":46,"column":3}}]},"11":{"type":"branch","line":45,"loc":{"start":{"line":45,"column":11},"end":{"line":45,"column":31}},"locations":[{"start":{"line":45,"column":11},"end":{"line":45,"column":31}}]},"12":{"type":"branch","line":48,"loc":{"start":{"line":48,"column":33},"end":{"line":54,"column":3}},"locations":[{"start":{"line":48,"column":33},"end":{"line":54,"column":3}}]},"13":{"type":"branch","line":53,"loc":{"start":{"line":53,"column":11},"end":{"line":53,"column":31}},"locations":[{"start":{"line":53,"column":11},"end":{"line":53,"column":31}}]},"14":{"type":"branch","line":56,"loc":{"start":{"line":56,"column":34},"end":{"line":62,"column":3}},"locations":[{"start":{"line":56,"column":34},"end":{"line":62,"column":3}}]},"15":{"type":"branch","line":61,"loc":{"start":{"line":61,"column":11},"end":{"line":61,"column":31}},"locations":[{"start":{"line":61,"column":11},"end":{"line":61,"column":31}}]},"16":{"type":"branch","line":64,"loc":{"start":{"line":64,"column":35},"end":{"line":69,"column":3}},"locations":[{"start":{"line":64,"column":35},"end":{"line":69,"column":3}}]},"17":{"type":"branch","line":68,"loc":{"start":{"line":68,"column":11},"end":{"line":68,"column":31}},"locations":[{"start":{"line":68,"column":11},"end":{"line":68,"column":31}}]},"18":{"type":"branch","line":71,"loc":{"start":{"line":71,"column":41},"end":{"line":82,"column":3}},"locations":[{"start":{"line":71,"column":41},"end":{"line":82,"column":3}}]},"19":{"type":"branch","line":81,"loc":{"start":{"line":81,"column":11},"end":{"line":81,"column":31}},"locations":[{"start":{"line":81,"column":11},"end":{"line":81,"column":31}}]}},"b":{"0":[1],"1":[1],"2":[1],"3":[1],"4":[1],"5":[1],"6":[1],"7":[1],"8":[1],"9":[1],"10":[1],"11":[1],"12":[1],"13":[1],"14":[1],"15":[1],"16":[1],"17":[1],"18":[1],"19":[1]},"fnMap":{},"f":{}}
,"/Users/florianamette/Code/mdx-blog/package/components/markdown/a.tsx": {"path":"/Users/florianamette/Code/mdx-blog/package/components/markdown/a.tsx","all":false,"statementMap":{"0":{"start":{"line":1,"column":0},"end":{"line":1,"column":26}},"4":{"start":{"line":5,"column":0},"end":{"line":5,"column":54}},"5":{"start":{"line":6,"column":0},"end":{"line":6,"column":37}},"6":{"start":{"line":7,"column":0},"end":{"line":7,"column":60}},"7":{"start":{"line":8,"column":0},"end":{"line":8,"column":3}},"8":{"start":{"line":9,"column":0},"end":{"line":9,"column":2}},"9":{"start":{"line":10,"column":0},"end":{"line":10,"column":20}},"11":{"start":{"line":12,"column":0},"end":{"line":12,"column":17}}},"s":{"0":1,"4":1,"5":1,"6":0,"7":0,"8":1,"9":1,"11":1},"branchMap":{},"b":{},"fnMap":{},"f":{}}
,"/Users/florianamette/Code/mdx-blog/package/components/markdown/blockquote.tsx": {"path":"/Users/florianamette/Code/mdx-blog/package/components/markdown/blockquote.tsx","all":false,"statementMap":{"0":{"start":{"line":1,"column":0},"end":{"line":1,"column":26}},"4":{"start":{"line":5,"column":0},"end":{"line":5,"column":71}},"5":{"start":{"line":6,"column":0},"end":{"line":6,"column":37}},"6":{"start":{"line":7,"column":0},"end":{"line":7,"column":69}},"7":{"start":{"line":8,"column":0},"end":{"line":8,"column":3}},"8":{"start":{"line":9,"column":0},"end":{"line":9,"column":2}},"9":{"start":{"line":10,"column":0},"end":{"line":10,"column":38}},"11":{"start":{"line":12,"column":0},"end":{"line":12,"column":26}}},"s":{"0":1,"4":1,"5":1,"6":0,"7":0,"8":1,"9":1,"11":1},"branchMap":{},"b":{},"fnMap":{},"f":{}}
,"/Users/florianamette/Code/mdx-blog/package/components/markdown/code.tsx": {"path":"/Users/florianamette/Code/mdx-blog/package/components/markdown/code.tsx","all":false,"statementMap":{"0":{"start":{"line":1,"column":0},"end":{"line":1,"column":26}},"4":{"start":{"line":5,"column":0},"end":{"line":5,"column":54}},"5":{"start":{"line":6,"column":0},"end":{"line":6,"column":37}},"6":{"start":{"line":7,"column":0},"end":{"line":7,"column":63}},"7":{"start":{"line":8,"column":0},"end":{"line":8,"column":3}},"8":{"start":{"line":9,"column":0},"end":{"line":9,"column":2}},"9":{"start":{"line":10,"column":0},"end":{"line":10,"column":26}},"11":{"start":{"line":12,"column":0},"end":{"line":12,"column":20}}},"s":{"0":1,"4":1,"5":1,"6":0,"7":0,"8":1,"9":1,"11":1},"branchMap":{},"b":{},"fnMap":{},"f":{}}
,"/Users/florianamette/Code/mdx-blog/package/components/markdown/defaults.tsx": {"path":"/Users/florianamette/Code/mdx-blog/package/components/markdown/defaults.tsx","all":false,"statementMap":{"0":{"start":{"line":1,"column":0},"end":{"line":1,"column":3}},"36":{"start":{"line":37,"column":0},"end":{"line":37,"column":63}},"37":{"start":{"line":38,"column":0},"end":{"line":38,"column":9}},"38":{"start":{"line":39,"column":0},"end":{"line":39,"column":9}},"39":{"start":{"line":40,"column":0},"end":{"line":40,"column":9}},"40":{"start":{"line":41,"column":0},"end":{"line":41,"column":9}},"41":{"start":{"line":42,"column":0},"end":{"line":42,"column":9}},"42":{"start":{"line":43,"column":0},"end":{"line":43,"column":9}},"43":{"start":{"line":44,"column":0},"end":{"line":44,"column":7}},"44":{"start":{"line":45,"column":0},"end":{"line":45,"column":7}},"45":{"start":{"line":46,"column":0},"end":{"line":46,"column":11}},"46":{"start":{"line":47,"column":0},"end":{"line":47,"column":13}},"47":{"start":{"line":48,"column":0},"end":{"line":48,"column":11}},"48":{"start":{"line":49,"column":0},"end":{"line":49,"column":25}},"49":{"start":{"line":50,"column":0},"end":{"line":50,"column":9}},"50":{"start":{"line":51,"column":0},"end":{"line":51,"column":9}},"51":{"start":{"line":52,"column":0},"end":{"line":52,"column":9}},"52":{"start":{"line":53,"column":0},"end":{"line":53,"column":15}},"53":{"start":{"line":54,"column":0},"end":{"line":54,"column":15}},"54":{"start":{"line":55,"column":0},"end":{"line":55,"column":15}},"55":{"start":{"line":56,"column":0},"end":{"line":56,"column":9}},"56":{"start":{"line":57,"column":0},"end":{"line":57,"column":9}},"57":{"start":{"line":58,"column":0},"end":{"line":58,"column":9}},"58":{"start":{"line":59,"column":0},"end":{"line":59,"column":9}},"59":{"start":{"line":60,"column":0},"end":{"line":60,"column":17}},"60":{"start":{"line":61,"column":0},"end":{"line":61,"column":9}},"61":{"start":{"line":62,"column":0},"end":{"line":62,"column":2}}},"s":{"0":1,"36":1,"37":1,"38":1,"39":1,"40":1,"41":1,"42":1,"43":1,"44":1,"45":1,"46":1,"47":1,"48":1,"49":1,"50":1,"51":1,"52":1,"53":1,"54":1,"55":1,"56":1,"57":1,"58":1,"59":1,"60":1,"61":1},"branchMap":{},"b":{},"fnMap":{},"f":{}}
,"/Users/florianamette/Code/mdx-blog/package/components/markdown/em.tsx": {"path":"/Users/florianamette/Code/mdx-blog/package/components/markdown/em.tsx","all":false,"statementMap":{"0":{"start":{"line":1,"column":0},"end":{"line":1,"column":26}},"4":{"start":{"line":5,"column":0},"end":{"line":5,"column":50}},"5":{"start":{"line":6,"column":0},"end":{"line":6,"column":37}},"6":{"start":{"line":7,"column":0},"end":{"line":7,"column":61}},"7":{"start":{"line":8,"column":0},"end":{"line":8,"column":3}},"8":{"start":{"line":9,"column":0},"end":{"line":9,"column":2}},"9":{"start":{"line":10,"column":0},"end":{"line":10,"column":22}},"11":{"start":{"line":12,"column":0},"end":{"line":12,"column":18}}},"s":{"0":1,"4":1,"5":1,"6":0,"7":0,"8":1,"9":1,"11":1},"branchMap":{},"b":{},"fnMap":{},"f":{}}
,"/Users/florianamette/Code/mdx-blog/package/components/markdown/h1.tsx": {"path":"/Users/florianamette/Code/mdx-blog/package/components/markdown/h1.tsx","all":false,"statementMap":{"0":{"start":{"line":1,"column":0},"end":{"line":1,"column":26}},"4":{"start":{"line":5,"column":0},"end":{"line":5,"column":57}},"5":{"start":{"line":6,"column":0},"end":{"line":6,"column":37}},"6":{"start":{"line":7,"column":0},"end":{"line":7,"column":61}},"7":{"start":{"line":8,"column":0},"end":{"line":8,"column":3}},"8":{"start":{"line":9,"column":0},"end":{"line":9,"column":2}},"9":{"start":{"line":10,"column":0},"end":{"line":10,"column":22}},"11":{"start":{"line":12,"column":0},"end":{"line":12,"column":18}}},"s":{"0":1,"4":1,"5":1,"6":0,"7":0,"8":1,"9":1,"11":1},"branchMap":{},"b":{},"fnMap":{},"f":{}}
,"/Users/florianamette/Code/mdx-blog/package/components/markdown/h2.tsx": {"path":"/Users/florianamette/Code/mdx-blog/package/components/markdown/h2.tsx","all":false,"statementMap":{"0":{"start":{"line":1,"column":0},"end":{"line":1,"column":26}},"4":{"start":{"line":5,"column":0},"end":{"line":5,"column":57}},"5":{"start":{"line":6,"column":0},"end":{"line":6,"column":37}},"6":{"start":{"line":7,"column":0},"end":{"line":7,"column":61}},"7":{"start":{"line":8,"column":0},"end":{"line":8,"column":3}},"8":{"start":{"line":9,"column":0},"end":{"line":9,"column":2}},"9":{"start":{"line":10,"column":0},"end":{"line":10,"column":22}},"11":{"start":{"line":12,"column":0},"end":{"line":12,"column":18}}},"s":{"0":1,"4":1,"5":1,"6":0,"7":0,"8":1,"9":1,"11":1},"branchMap":{},"b":{},"fnMap":{},"f":{}}
,"/Users/florianamette/Code/mdx-blog/package/components/markdown/h3.tsx": {"path":"/Users/florianamette/Code/mdx-blog/package/components/markdown/h3.tsx","all":false,"statementMap":{"0":{"start":{"line":1,"column":0},"end":{"line":1,"column":26}},"4":{"start":{"line":5,"column":0},"end":{"line":5,"column":57}},"5":{"start":{"line":6,"column":0},"end":{"line":6,"column":37}},"6":{"start":{"line":7,"column":0},"end":{"line":7,"column":61}},"7":{"start":{"line":8,"column":0},"end":{"line":8,"column":3}},"8":{"start":{"line":9,"column":0},"end":{"line":9,"column":2}},"9":{"start":{"line":10,"column":0},"end":{"line":10,"column":22}},"11":{"start":{"line":12,"column":0},"end":{"line":12,"column":18}}},"s":{"0":1,"4":1,"5":1,"6":0,"7":0,"8":1,"9":1,"11":1},"branchMap":{},"b":{},"fnMap":{},"f":{}}
,"/Users/florianamette/Code/mdx-blog/package/components/markdown/h4.tsx": {"path":"/Users/florianamette/Code/mdx-blog/package/components/markdown/h4.tsx","all":false,"statementMap":{"0":{"start":{"line":1,"column":0},"end":{"line":1,"column":26}},"4":{"start":{"line":5,"column":0},"end":{"line":5,"column":57}},"5":{"start":{"line":6,"column":0},"end":{"line":6,"column":37}},"6":{"start":{"line":7,"column":0},"end":{"line":7,"column":61}},"7":{"start":{"line":8,"column":0},"end":{"line":8,"column":3}},"8":{"start":{"line":9,"column":0},"end":{"line":9,"column":2}},"9":{"start":{"line":10,"column":0},"end":{"line":10,"column":22}},"11":{"start":{"line":12,"column":0},"end":{"line":12,"column":18}}},"s":{"0":1,"4":1,"5":1,"6":0,"7":0,"8":1,"9":1,"11":1},"branchMap":{},"b":{},"fnMap":{},"f":{}}
,"/Users/florianamette/Code/mdx-blog/package/components/markdown/h5.tsx": {"path":"/Users/florianamette/Code/mdx-blog/package/components/markdown/h5.tsx","all":false,"statementMap":{"0":{"start":{"line":1,"column":0},"end":{"line":1,"column":26}},"4":{"start":{"line":5,"column":0},"end":{"line":5,"column":57}},"5":{"start":{"line":6,"column":0},"end":{"line":6,"column":37}},"6":{"start":{"line":7,"column":0},"end":{"line":7,"column":61}},"7":{"start":{"line":8,"column":0},"end":{"line":8,"column":3}},"8":{"start":{"line":9,"column":0},"end":{"line":9,"column":2}},"9":{"start":{"line":10,"column":0},"end":{"line":10,"column":22}},"11":{"start":{"line":12,"column":0},"end":{"line":12,"column":18}}},"s":{"0":1,"4":1,"5":1,"6":0,"7":0,"8":1,"9":1,"11":1},"branchMap":{},"b":{},"fnMap":{},"f":{}}
,"/Users/florianamette/Code/mdx-blog/package/components/markdown/h6.tsx": {"path":"/Users/florianamette/Code/mdx-blog/package/components/markdown/h6.tsx","all":false,"statementMap":{"0":{"start":{"line":1,"column":0},"end":{"line":1,"column":26}},"4":{"start":{"line":5,"column":0},"end":{"line":5,"column":57}},"5":{"start":{"line":6,"column":0},"end":{"line":6,"column":37}},"6":{"start":{"line":7,"column":0},"end":{"line":7,"column":61}},"7":{"start":{"line":8,"column":0},"end":{"line":8,"column":3}},"8":{"start":{"line":9,"column":0},"end":{"line":9,"column":2}},"9":{"start":{"line":10,"column":0},"end":{"line":10,"column":22}},"11":{"start":{"line":12,"column":0},"end":{"line":12,"column":18}}},"s":{"0":1,"4":1,"5":1,"6":0,"7":0,"8":1,"9":1,"11":1},"branchMap":{},"b":{},"fnMap":{},"f":{}}
,"/Users/florianamette/Code/mdx-blog/package/components/markdown/hr.tsx": {"path":"/Users/florianamette/Code/mdx-blog/package/components/markdown/hr.tsx","all":false,"statementMap":{"0":{"start":{"line":1,"column":0},"end":{"line":1,"column":26}},"4":{"start":{"line":5,"column":0},"end":{"line":5,"column":52}},"5":{"start":{"line":6,"column":0},"end":{"line":6,"column":37}},"6":{"start":{"line":7,"column":0},"end":{"line":7,"column":61}},"7":{"start":{"line":8,"column":0},"end":{"line":8,"column":3}},"8":{"start":{"line":9,"column":0},"end":{"line":9,"column":2}},"9":{"start":{"line":10,"column":0},"end":{"line":10,"column":22}},"11":{"start":{"line":12,"column":0},"end":{"line":12,"column":18}}},"s":{"0":1,"4":1,"5":1,"6":0,"7":0,"8":1,"9":1,"11":1},"branchMap":{},"b":{},"fnMap":{},"f":{}}
,"/Users/florianamette/Code/mdx-blog/package/components/markdown/img.tsx": {"path":"/Users/florianamette/Code/mdx-blog/package/components/markdown/img.tsx","all":false,"statementMap":{"0":{"start":{"line":1,"column":0},"end":{"line":1,"column":26}},"4":{"start":{"line":5,"column":0},"end":{"line":5,"column":57}},"5":{"start":{"line":6,"column":0},"end":{"line":6,"column":47}},"7":{"start":{"line":8,"column":0},"end":{"line":8,"column":104}},"9":{"start":{"line":10,"column":0},"end":{"line":10,"column":12}},"10":{"start":{"line":11,"column":0},"end":{"line":11,"column":10}},"11":{"start":{"line":12,"column":0},"end":{"line":12,"column":17}},"12":{"start":{"line":13,"column":0},"end":{"line":13,"column":21}},"13":{"start":{"line":14,"column":0},"end":{"line":14,"column":17}},"14":{"start":{"line":15,"column":0},"end":{"line":15,"column":29}},"15":{"start":{"line":16,"column":0},"end":{"line":16,"column":18}},"16":{"start":{"line":17,"column":0},"end":{"line":17,"column":8}},"18":{"start":{"line":19,"column":0},"end":{"line":19,"column":3}},"19":{"start":{"line":20,"column":0},"end":{"line":20,"column":2}},"20":{"start":{"line":21,"column":0},"end":{"line":21,"column":24}},"22":{"start":{"line":23,"column":0},"end":{"line":23,"column":19}}},"s":{"0":1,"4":1,"5":1,"7":0,"9":0,"10":0,"11":0,"12":0,"13":0,"14":0,"15":0,"16":0,"18":0,"19":1,"20":1,"22":1},"branchMap":{},"b":{},"fnMap":{},"f":{}}
,"/Users/florianamette/Code/mdx-blog/package/components/markdown/index.ts": {"path":"/Users/florianamette/Code/mdx-blog/package/components/markdown/index.ts","all":true,"statementMap":{"0":{"start":{"line":1,"column":0},"end":{"line":1,"column":3}}},"s":{"0":0},"branchMap":{"0":{"type":"branch","line":1,"loc":{"start":{"line":1,"column":1073},"end":{"line":29,"column":37}},"locations":[{"start":{"line":1,"column":1073},"end":{"line":29,"column":37}}]}},"b":{"0":[0]},"fnMap":{"0":{"name":"(empty-report)","decl":{"start":{"line":1,"column":1073},"end":{"line":29,"column":37}},"loc":{"start":{"line":1,"column":1073},"end":{"line":29,"column":37}},"line":1}},"f":{"0":0}}
,"/Users/florianamette/Code/mdx-blog/package/components/markdown/li.tsx": {"path":"/Users/florianamette/Code/mdx-blog/package/components/markdown/li.tsx","all":false,"statementMap":{"0":{"start":{"line":1,"column":0},"end":{"line":1,"column":26}},"4":{"start":{"line":5,"column":0},"end":{"line":5,"column":52}},"5":{"start":{"line":6,"column":0},"end":{"line":6,"column":37}},"6":{"start":{"line":7,"column":0},"end":{"line":7,"column":61}},"7":{"start":{"line":8,"column":0},"end":{"line":8,"column":3}},"8":{"start":{"line":9,"column":0},"end":{"line":9,"column":2}},"9":{"start":{"line":10,"column":0},"end":{"line":10,"column":22}},"11":{"start":{"line":12,"column":0},"end":{"line":12,"column":18}}},"s":{"0":1,"4":1,"5":1,"6":0,"7":0,"8":1,"9":1,"11":1},"branchMap":{},"b":{},"fnMap":{},"f":{}}
,"/Users/florianamette/Code/mdx-blog/package/components/markdown/ol.tsx": {"path":"/Users/florianamette/Code/mdx-blog/package/components/markdown/ol.tsx","all":false,"statementMap":{"0":{"start":{"line":1,"column":0},"end":{"line":1,"column":26}},"4":{"start":{"line":5,"column":0},"end":{"line":5,"column":55}},"5":{"start":{"line":6,"column":0},"end":{"line":6,"column":37}},"6":{"start":{"line":7,"column":0},"end":{"line":7,"column":61}},"7":{"start":{"line":8,"column":0},"end":{"line":8,"column":3}},"8":{"start":{"line":9,"column":0},"end":{"line":9,"column":2}},"9":{"start":{"line":10,"column":0},"end":{"line":10,"column":22}},"11":{"start":{"line":12,"column":0},"end":{"line":12,"column":18}}},"s":{"0":1,"4":1,"5":1,"6":0,"7":0,"8":1,"9":1,"11":1},"branchMap":{},"b":{},"fnMap":{},"f":{}}
,"/Users/florianamette/Code/mdx-blog/package/components/markdown/p.tsx": {"path":"/Users/florianamette/Code/mdx-blog/package/components/markdown/p.tsx","all":false,"statementMap":{"0":{"start":{"line":1,"column":0},"end":{"line":1,"column":26}},"4":{"start":{"line":5,"column":0},"end":{"line":5,"column":57}},"5":{"start":{"line":6,"column":0},"end":{"line":6,"column":37}},"6":{"start":{"line":7,"column":0},"end":{"line":7,"column":60}},"7":{"start":{"line":8,"column":0},"end":{"line":8,"column":3}},"8":{"start":{"line":9,"column":0},"end":{"line":9,"column":2}},"9":{"start":{"line":10,"column":0},"end":{"line":10,"column":20}},"11":{"start":{"line":12,"column":0},"end":{"line":12,"column":17}}},"s":{"0":1,"4":1,"5":1,"6":0,"7":0,"8":1,"9":1,"11":1},"branchMap":{},"b":{},"fnMap":{},"f":{}}
,"/Users/florianamette/Code/mdx-blog/package/components/markdown/pre.tsx": {"path":"/Users/florianamette/Code/mdx-blog/package/components/markdown/pre.tsx","all":false,"statementMap":{"0":{"start":{"line":1,"column":0},"end":{"line":1,"column":26}},"4":{"start":{"line":5,"column":0},"end":{"line":5,"column":55}},"5":{"start":{"line":6,"column":0},"end":{"line":6,"column":37}},"6":{"start":{"line":7,"column":0},"end":{"line":7,"column":62}},"7":{"start":{"line":8,"column":0},"end":{"line":8,"column":3}},"8":{"start":{"line":9,"column":0},"end":{"line":9,"column":2}},"9":{"start":{"line":10,"column":0},"end":{"line":10,"column":24}},"11":{"start":{"line":12,"column":0},"end":{"line":12,"column":19}}},"s":{"0":1,"4":1,"5":1,"6":0,"7":0,"8":1,"9":1,"11":1},"branchMap":{},"b":{},"fnMap":{},"f":{}}
,"/Users/florianamette/Code/mdx-blog/package/components/markdown/strong.tsx": {"path":"/Users/florianamette/Code/mdx-blog/package/components/markdown/strong.tsx","all":false,"statementMap":{"0":{"start":{"line":1,"column":0},"end":{"line":1,"column":26}},"4":{"start":{"line":5,"column":0},"end":{"line":5,"column":58}},"5":{"start":{"line":6,"column":0},"end":{"line":6,"column":37}},"6":{"start":{"line":7,"column":0},"end":{"line":7,"column":65}},"7":{"start":{"line":8,"column":0},"end":{"line":8,"column":3}},"8":{"start":{"line":9,"column":0},"end":{"line":9,"column":2}},"9":{"start":{"line":10,"column":0},"end":{"line":10,"column":30}},"11":{"start":{"line":12,"column":0},"end":{"line":12,"column":22}}},"s":{"0":1,"4":1,"5":1,"6":0,"7":0,"8":1,"9":1,"11":1},"branchMap":{},"b":{},"fnMap":{},"f":{}}
,"/Users/florianamette/Code/mdx-blog/package/components/markdown/table.tsx": {"path":"/Users/florianamette/Code/mdx-blog/package/components/markdown/table.tsx","all":false,"statementMap":{"0":{"start":{"line":1,"column":0},"end":{"line":1,"column":26}},"4":{"start":{"line":5,"column":0},"end":{"line":5,"column":61}},"5":{"start":{"line":6,"column":0},"end":{"line":6,"column":37}},"6":{"start":{"line":7,"column":0},"end":{"line":7,"column":12}},"7":{"start":{"line":8,"column":0},"end":{"line":8,"column":51}},"8":{"start":{"line":9,"column":0},"end":{"line":9,"column":60}},"9":{"start":{"line":10,"column":0},"end":{"line":10,"column":12}},"11":{"start":{"line":12,"column":0},"end":{"line":12,"column":3}},"12":{"start":{"line":13,"column":0},"end":{"line":13,"column":2}},"13":{"start":{"line":14,"column":0},"end":{"line":14,"column":28}},"15":{"start":{"line":16,"column":0},"end":{"line":16,"column":21}}},"s":{"0":1,"4":1,"5":1,"6":0,"7":0,"8":0,"9":0,"11":0,"12":1,"13":1,"15":1},"branchMap":{},"b":{},"fnMap":{},"f":{}}
,"/Users/florianamette/Code/mdx-blog/package/components/markdown/tbody.tsx": {"path":"/Users/florianamette/Code/mdx-blog/package/components/markdown/tbody.tsx","all":false,"statementMap":{"0":{"start":{"line":1,"column":0},"end":{"line":1,"column":26}},"4":{"start":{"line":5,"column":0},"end":{"line":5,"column":68}},"5":{"start":{"line":6,"column":0},"end":{"line":6,"column":37}},"6":{"start":{"line":7,"column":0},"end":{"line":7,"column":64}},"7":{"start":{"line":8,"column":0},"end":{"line":8,"column":3}},"8":{"start":{"line":9,"column":0},"end":{"line":9,"column":2}},"9":{"start":{"line":10,"column":0},"end":{"line":10,"column":28}},"11":{"start":{"line":12,"column":0},"end":{"line":12,"column":21}}},"s":{"0":1,"4":1,"5":1,"6":0,"7":0,"8":1,"9":1,"11":1},"branchMap":{},"b":{},"fnMap":{},"f":{}}
,"/Users/florianamette/Code/mdx-blog/package/components/markdown/td.tsx": {"path":"/Users/florianamette/Code/mdx-blog/package/components/markdown/td.tsx","all":false,"statementMap":{"0":{"start":{"line":1,"column":0},"end":{"line":1,"column":26}},"4":{"start":{"line":5,"column":0},"end":{"line":5,"column":59}},"5":{"start":{"line":6,"column":0},"end":{"line":6,"column":37}},"6":{"start":{"line":7,"column":0},"end":{"line":7,"column":61}},"7":{"start":{"line":8,"column":0},"end":{"line":8,"column":3}},"8":{"start":{"line":9,"column":0},"end":{"line":9,"column":2}},"9":{"start":{"line":10,"column":0},"end":{"line":10,"column":22}},"11":{"start":{"line":12,"column":0},"end":{"line":12,"column":18}}},"s":{"0":1,"4":1,"5":1,"6":0,"7":0,"8":1,"9":1,"11":1},"branchMap":{},"b":{},"fnMap":{},"f":{}}
,"/Users/florianamette/Code/mdx-blog/package/components/markdown/th.tsx": {"path":"/Users/florianamette/Code/mdx-blog/package/components/markdown/th.tsx","all":false,"statementMap":{"0":{"start":{"line":1,"column":0},"end":{"line":1,"column":26}},"4":{"start":{"line":5,"column":0},"end":{"line":5,"column":59}},"5":{"start":{"line":6,"column":0},"end":{"line":6,"column":37}},"6":{"start":{"line":7,"column":0},"end":{"line":7,"column":61}},"7":{"start":{"line":8,"column":0},"end":{"line":8,"column":3}},"8":{"start":{"line":9,"column":0},"end":{"line":9,"column":2}},"9":{"start":{"line":10,"column":0},"end":{"line":10,"column":22}},"11":{"start":{"line":12,"column":0},"end":{"line":12,"column":18}}},"s":{"0":1,"4":1,"5":1,"6":0,"7":0,"8":1,"9":1,"11":1},"branchMap":{},"b":{},"fnMap":{},"f":{}}
,"/Users/florianamette/Code/mdx-blog/package/components/markdown/thead.tsx": {"path":"/Users/florianamette/Code/mdx-blog/package/components/markdown/thead.tsx","all":false,"statementMap":{"0":{"start":{"line":1,"column":0},"end":{"line":1,"column":26}},"4":{"start":{"line":5,"column":0},"end":{"line":5,"column":68}},"5":{"start":{"line":6,"column":0},"end":{"line":6,"column":37}},"6":{"start":{"line":7,"column":0},"end":{"line":7,"column":64}},"7":{"start":{"line":8,"column":0},"end":{"line":8,"column":3}},"8":{"start":{"line":9,"column":0},"end":{"line":9,"column":2}},"9":{"start":{"line":10,"column":0},"end":{"line":10,"column":28}},"11":{"start":{"line":12,"column":0},"end":{"line":12,"column":21}}},"s":{"0":1,"4":1,"5":1,"6":0,"7":0,"8":1,"9":1,"11":1},"branchMap":{},"b":{},"fnMap":{},"f":{}}
,"/Users/florianamette/Code/mdx-blog/package/components/markdown/tr.tsx": {"path":"/Users/florianamette/Code/mdx-blog/package/components/markdown/tr.tsx","all":false,"statementMap":{"0":{"start":{"line":1,"column":0},"end":{"line":1,"column":26}},"4":{"start":{"line":5,"column":0},"end":{"line":5,"column":58}},"5":{"start":{"line":6,"column":0},"end":{"line":6,"column":37}},"6":{"start":{"line":7,"column":0},"end":{"line":7,"column":61}},"7":{"start":{"line":8,"column":0},"end":{"line":8,"column":3}},"8":{"start":{"line":9,"column":0},"end":{"line":9,"column":2}},"9":{"start":{"line":10,"column":0},"end":{"line":10,"column":22}},"11":{"start":{"line":12,"column":0},"end":{"line":12,"column":18}}},"s":{"0":1,"4":1,"5":1,"6":0,"7":0,"8":1,"9":1,"11":1},"branchMap":{},"b":{},"fnMap":{},"f":{}}
,"/Users/florianamette/Code/mdx-blog/package/components/markdown/ul.tsx": {"path":"/Users/florianamette/Code/mdx-blog/package/components/markdown/ul.tsx","all":false,"statementMap":{"0":{"start":{"line":1,"column":0},"end":{"line":1,"column":26}},"4":{"start":{"line":5,"column":0},"end":{"line":5,"column":55}},"5":{"start":{"line":6,"column":0},"end":{"line":6,"column":37}},"6":{"start":{"line":7,"column":0},"end":{"line":7,"column":61}},"7":{"start":{"line":8,"column":0},"end":{"line":8,"column":3}},"8":{"start":{"line":9,"column":0},"end":{"line":9,"column":2}},"9":{"start":{"line":10,"column":0},"end":{"line":10,"column":22}},"11":{"start":{"line":12,"column":0},"end":{"line":12,"column":18}}},"s":{"0":1,"4":1,"5":1,"6":0,"7":0,"8":1,"9":1,"11":1},"branchMap":{},"b":{},"fnMap":{},"f":{}}
,"/Users/florianamette/Code/mdx-blog/package/components/markdown/utils.ts": {"path":"/Users/florianamette/Code/mdx-blog/package/components/markdown/utils.ts","all":true,"statementMap":{"4":{"start":{"line":5,"column":0},"end":{"line":5,"column":79}},"5":{"start":{"line":6,"column":0},"end":{"line":6,"column":43}},"6":{"start":{"line":7,"column":0},"end":{"line":7,"column":1}}},"s":{"4":0,"5":0,"6":0},"branchMap":{"0":{"type":"branch","line":1,"loc":{"start":{"line":1,"column":236},"end":{"line":7,"column":1}},"locations":[{"start":{"line":1,"column":236},"end":{"line":7,"column":1}}]}},"b":{"0":[1]},"fnMap":{"0":{"name":"(empty-report)","decl":{"start":{"line":1,"column":236},"end":{"line":7,"column":1}},"loc":{"start":{"line":1,"column":236},"end":{"line":7,"column":1}},"line":1}},"f":{"0":1}}
,"/Users/florianamette/Code/mdx-blog/package/core/config.ts": {"path":"/Users/florianamette/Code/mdx-blog/package/core/config.ts","all":false,"statementMap":{"0":{"start":{"line":1,"column":0},"end":{"line":1,"column":38}},"6":{"start":{"line":7,"column":0},"end":{"line":7,"column":32}},"7":{"start":{"line":8,"column":0},"end":{"line":8,"column":30}},"8":{"start":{"line":9,"column":0},"end":{"line":9,"column":71}},"9":{"start":{"line":10,"column":0},"end":{"line":10,"column":31}},"10":{"start":{"line":11,"column":0},"end":{"line":11,"column":27}},"11":{"start":{"line":12,"column":0},"end":{"line":12,"column":28}},"12":{"start":{"line":13,"column":0},"end":{"line":13,"column":28}},"13":{"start":{"line":14,"column":0},"end":{"line":14,"column":32}},"14":{"start":{"line":15,"column":0},"end":{"line":15,"column":2}},"31":{"start":{"line":32,"column":0},"end":{"line":32,"column":54}},"32":{"start":{"line":33,"column":0},"end":{"line":33,"column":10}},"33":{"start":{"line":34,"column":0},"end":{"line":34,"column":22}},"34":{"start":{"line":35,"column":0},"end":{"line":35,"column":14}},"35":{"start":{"line":36,"column":0},"end":{"line":36,"column":90}},"36":{"start":{"line":37,"column":0},"end":{"line":37,"column":4}},"37":{"start":{"line":38,"column":0},"end":{"line":38,"column":1}},"47":{"start":{"line":48,"column":0},"end":{"line":48,"column":53}},"48":{"start":{"line":49,"column":0},"end":{"line":49,"column":10}},"49":{"start":{"line":50,"column":0},"end":{"line":50,"column":22}},"50":{"start":{"line":51,"column":0},"end":{"line":51,"column":72}},"51":{"start":{"line":52,"column":0},"end":{"line":52,"column":4}},"52":{"start":{"line":53,"column":0},"end":{"line":53,"column":1}},"62":{"start":{"line":63,"column":0},"end":{"line":63,"column":37}},"63":{"start":{"line":64,"column":0},"end":{"line":64,"column":10}},"64":{"start":{"line":65,"column":0},"end":{"line":65,"column":22}},"65":{"start":{"line":66,"column":0},"end":{"line":66,"column":72}},"66":{"start":{"line":67,"column":0},"end":{"line":67,"column":4}},"67":{"start":{"line":68,"column":0},"end":{"line":68,"column":1}}},"s":{"0":1,"6":1,"7":1,"8":1,"9":1,"10":1,"11":1,"12":1,"13":1,"14":1,"31":1,"32":7,"33":7,"34":7,"35":7,"36":7,"37":7,"47":4,"48":4,"49":4,"50":4,"51":4,"52":4,"62":1,"63":56,"64":56,"65":56,"66":56,"67":56},"branchMap":{"0":{"type":"branch","line":32,"loc":{"start":{"line":32,"column":7},"end":{"line":38,"column":1}},"locations":[{"start":{"line":32,"column":7},"end":{"line":38,"column":1}}]},"1":{"type":"branch","line":36,"loc":{"start":{"line":36,"column":20},"end":{"line":36,"column":67}},"locations":[{"start":{"line":36,"column":20},"end":{"line":36,"column":67}}]},"2":{"type":"branch","line":36,"loc":{"start":{"line":36,"column":43},"end":{"line":36,"column":90}},"locations":[{"start":{"line":36,"column":43},"end":{"line":36,"column":90}}]},"3":{"type":"branch","line":48,"loc":{"start":{"line":48,"column":0},"end":{"line":53,"column":1}},"locations":[{"start":{"line":48,"column":0},"end":{"line":53,"column":1}}]},"4":{"type":"branch","line":51,"loc":{"start":{"line":51,"column":25},"end":{"line":51,"column":72}},"locations":[{"start":{"line":51,"column":25},"end":{"line":51,"column":72}}]},"5":{"type":"branch","line":63,"loc":{"start":{"line":63,"column":7},"end":{"line":68,"column":1}},"locations":[{"start":{"line":63,"column":7},"end":{"line":68,"column":1}}]},"6":{"type":"branch","line":66,"loc":{"start":{"line":66,"column":25},"end":{"line":66,"column":72}},"locations":[{"start":{"line":66,"column":25},"end":{"line":66,"column":72}}]}},"b":{"0":[7],"1":[4],"2":[3],"3":[4],"4":[3],"5":[56],"6":[55]},"fnMap":{"0":{"name":"createConfig","decl":{"start":{"line":32,"column":7},"end":{"line":38,"column":1}},"loc":{"start":{"line":32,"column":7},"end":{"line":38,"column":1}},"line":32},"1":{"name":"loadConfig","decl":{"start":{"line":48,"column":0},"end":{"line":53,"column":1}},"loc":{"start":{"line":48,"column":0},"end":{"line":53,"column":1}},"line":48},"2":{"name":"getConfig","decl":{"start":{"line":63,"column":7},"end":{"line":68,"column":1}},"loc":{"start":{"line":63,"column":7},"end":{"line":68,"column":1}},"line":63}},"f":{"0":7,"1":4,"2":56}}
[...]
7,"column":79},"end":{"line":225,"column":5}}]},"28":{"type":"branch","line":227,"loc":{"start":{"line":227,"column":73},"end":{"line":236,"column":5}},"locations":[{"start":{"line":227,"column":73},"end":{"line":236,"column":5}}]},"29":{"type":"branch","line":238,"loc":{"start":{"line":238,"column":60},"end":{"line":252,"column":5}},"locations":[{"start":{"line":238,"column":60},"end":{"line":252,"column":5}}]},"30":{"type":"branch","line":254,"loc":{"start":{"line":254,"column":70},"end":{"line":268,"column":5}},"locations":[{"start":{"line":254,"column":70},"end":{"line":268,"column":5}}]},"31":{"type":"branch","line":270,"loc":{"start":{"line":270,"column":63},"end":{"line":274,"column":5}},"locations":[{"start":{"line":270,"column":63},"end":{"line":274,"column":5}}]},"32":{"type":"branch","line":276,"loc":{"start":{"line":276,"column":51},"end":{"line":279,"column":5}},"locations":[{"start":{"line":276,"column":51},"end":{"line":279,"column":5}}]},"33":{"type":"branch","line":281,"loc":{"start":{"line":281,"column":57},"end":{"line":296,"column":5}},"locations":[{"start":{"line":281,"column":57},"end":{"line":296,"column":5}}]},"34":{"type":"branch","line":298,"loc":{"start":{"line":298,"column":51},"end":{"line":305,"column":5}},"locations":[{"start":{"line":298,"column":51},"end":{"line":305,"column":5}}]},"35":{"type":"branch","line":307,"loc":{"start":{"line":307,"column":41},"end":{"line":311,"column":5}},"locations":[{"start":{"line":307,"column":41},"end":{"line":311,"column":5}}]},"36":{"type":"branch","line":313,"loc":{"start":{"line":313,"column":52},"end":{"line":321,"column":5}},"locations":[{"start":{"line":313,"column":52},"end":{"line":321,"column":5}}]},"37":{"type":"branch","line":324,"loc":{"start":{"line":324,"column":36},"end":{"line":392,"column":3}},"locations":[{"start":{"line":324,"column":36},"end":{"line":392,"column":3}}]},"38":{"type":"branch","line":325,"loc":{"start":{"line":325,"column":59},"end":{"line":347,"column":5}},"locations":[{"start":{"line":325,"column":59},"end":{"line":347,"column":5}}]},"39":{"type":"branch","line":349,"loc":{"start":{"line":349,"column":70},"end":{"line":354,"column":5}},"locations":[{"start":{"line":349,"column":70},"end":{"line":354,"column":5}}]},"40":{"type":"branch","line":356,"loc":{"start":{"line":356,"column":46},"end":{"line":361,"column":5}},"locations":[{"start":{"line":356,"column":46},"end":{"line":361,"column":5}}]},"41":{"type":"branch","line":363,"loc":{"start":{"line":363,"column":88},"end":{"line":391,"column":5}},"locations":[{"start":{"line":363,"column":88},"end":{"line":391,"column":5}}]}},"b":{"0":[1],"1":[1],"2":[1],"3":[1],"4":[1],"5":[1],"6":[1],"7":[1],"8":[1],"9":[1],"10":[1],"11":[1],"12":[1],"13":[1],"14":[1],"15":[1],"16":[1],"17":[1],"18":[1],"19":[1],"20":[1],"21":[1],"22":[1],"23":[1],"24":[1],"25":[1],"26":[1],"27":[1],"28":[1],"29":[1],"30":[1],"31":[1],"32":[1],"33":[1],"34":[1],"35":[1],"36":[1],"37":[1],"38":[1],"39":[1],"40":[1],"41":[1]},"fnMap":{},"f":{}}
,"/Users/florianamette/Code/mdx-blog/package/core/__tests__/validation.test.ts": {"path":"/Users/florianamette/Code/mdx-blog/package/core/__tests__/validation.test.ts","all":false,"statementMap":{"0":{"start":{"line":1,"column":0},"end":{"line":1,"column":46}},"5":{"start":{"line":6,"column":0},"end":{"line":6,"column":23}},"7":{"start":{"line":8,"column":0},"end":{"line":8,"column":32}},"8":{"start":{"line":9,"column":0},"end":{"line":9,"column":41}},"9":{"start":{"line":10,"column":0},"end":{"line":10,"column":61}},"10":{"start":{"line":11,"column":0},"end":{"line":11,"column":64}},"11":{"start":{"line":12,"column":0},"end":{"line":12,"column":50}},"12":{"start":{"line":13,"column":0},"end":{"line":13,"column":5}},"14":{"start":{"line":15,"column":0},"end":{"line":15,"column":51}},"15":{"start":{"line":16,"column":0},"end":{"line":16,"column":78}},"16":{"start":{"line":17,"column":0},"end":{"line":17,"column":5}},"18":{"start":{"line":19,"column":0},"end":{"line":19,"column":61}},"19":{"start":{"line":20,"column":0},"end":{"line":20,"column":84}},"20":{"start":{"line":21,"column":0},"end":{"line":21,"column":85}},"21":{"start":{"line":22,"column":0},"end":{"line":22,"column":5}},"23":{"start":{"line":24,"column":0},"end":{"line":24,"column":56}},"24":{"start":{"line":25,"column":0},"end":{"line":25,"column":87}},"25":{"start":{"line":26,"column":0},"end":{"line":26,"column":92}},"26":{"start":{"line":27,"column":0},"end":{"line":27,"column":5}},"28":{"start":{"line":29,"column":0},"end":{"line":29,"column":55}},"29":{"start":{"line":30,"column":0},"end":{"line":30,"column":86}},"30":{"start":{"line":31,"column":0},"end":{"line":31,"column":85}},"31":{"start":{"line":32,"column":0},"end":{"line":32,"column":85}},"32":{"start":{"line":33,"column":0},"end":{"line":33,"column":5}},"34":{"start":{"line":35,"column":0},"end":{"line":35,"column":69}},"35":{"start":{"line":36,"column":0},"end":{"line":36,"column":89}},"36":{"start":{"line":37,"column":0},"end":{"line":37,"column":92}},"37":{"start":{"line":38,"column":0},"end":{"line":38,"column":95}},"38":{"start":{"line":39,"column":0},"end":{"line":39,"column":5}},"40":{"start":{"line":41,"column":0},"end":{"line":41,"column":65}},"41":{"start":{"line":42,"column":0},"end":{"line":42,"column":90}},"42":{"start":{"line":43,"column":0},"end":{"line":43,"column":91}},"43":{"start":{"line":44,"column":0},"end":{"line":44,"column":5}},"45":{"start":{"line":46,"column":0},"end":{"line":46,"column":60}},"46":{"start":{"line":47,"column":0},"end":{"line":47,"column":87}},"47":{"start":{"line":48,"column":0},"end":{"line":48,"column":5}},"49":{"start":{"line":50,"column":0},"end":{"line":50,"column":50}},"50":{"start":{"line":51,"column":0},"end":{"line":51,"column":50}},"51":{"start":{"line":52,"column":0},"end":{"line":52,"column":58}},"52":{"start":{"line":53,"column":0},"end":{"line":53,"column":5}},"53":{"start":{"line":54,"column":0},"end":{"line":54,"column":3}},"55":{"start":{"line":56,"column":0},"end":{"line":56,"column":39}},"56":{"start":{"line":57,"column":0},"end":{"line":57,"column":51}},"57":{"start":{"line":58,"column":0},"end":{"line":58,"column":50}},"58":{"start":{"line":59,"column":0},"end":{"line":59,"column":5}},"60":{"start":{"line":61,"column":0},"end":{"line":61,"column":56}},"61":{"start":{"line":62,"column":0},"end":{"line":62,"column":55}},"62":{"start":{"line":63,"column":0},"end":{"line":63,"column":5}},"64":{"start":{"line":65,"column":0},"end":{"line":65,"column":63}},"65":{"start":{"line":66,"column":0},"end":{"line":66,"column":54}},"66":{"start":{"line":67,"column":0},"end":{"line":67,"column":49}},"67":{"start":{"line":68,"column":0},"end":{"line":68,"column":50}},"68":{"start":{"line":69,"column":0},"end":{"line":69,"column":5}},"70":{"start":{"line":71,"column":0},"end":{"line":71,"column":53}},"71":{"start":{"line":72,"column":0},"end":{"line":72,"column":48}},"72":{"start":{"line":73,"column":0},"end":{"line":73,"column":55}},"73":{"start":{"line":74,"column":0},"end":{"line":74,"column":5}},"75":{"start":{"line":76,"column":0},"end":{"line":76,"column":62}},"76":{"start":{"line":77,"column":0},"end":{"line":77,"column":25}},"77":{"start":{"line":78,"column":0},"end":{"line":78,"column":23}},"78":{"start":{"line":79,"column":0},"end":{"line":79,"column":25}},"79":{"start":{"line":80,"column":0},"end":{"line":80,"column":33}},"80":{"start":{"line":81,"column":0},"end":{"line":81,"column":6}},"81":{"start":{"line":82,"column":0},"end":{"line":82,"column":66}},"82":{"start":{"line":83,"column":0},"end":{"line":83,"column":5}},"84":{"start":{"line":85,"column":0},"end":{"line":85,"column":66}},"85":{"start":{"line":86,"column":0},"end":{"line":86,"column":25}},"86":{"start":{"line":87,"column":0},"end":{"line":87,"column":23}},"87":{"start":{"line":88,"column":0},"end":{"line":88,"column":25}},"88":{"start":{"line":89,"column":0},"end":{"line":89,"column":33}},"89":{"start":{"line":90,"column":0},"end":{"line":90,"column":25}},"90":{"start":{"line":91,"column":0},"end":{"line":91,"column":29}},"91":{"start":{"line":92,"column":0},"end":{"line":92,"column":47}},"92":{"start":{"line":93,"column":0},"end":{"line":93,"column":48}},"93":{"start":{"line":94,"column":0},"end":{"line":94,"column":34}},"94":{"start":{"line":95,"column":0},"end":{"line":95,"column":6}},"95":{"start":{"line":96,"column":0},"end":{"line":96,"column":66}},"96":{"start":{"line":97,"column":0},"end":{"line":97,"column":5}},"98":{"start":{"line":99,"column":0},"end":{"line":99,"column":42}},"99":{"start":{"line":100,"column":0},"end":{"line":100,"column":48}},"100":{"start":{"line":101,"column":0},"end":{"line":101,"column":5}},"101":{"start":{"line":102,"column":0},"end":{"line":102,"column":3}},"103":{"start":{"line":104,"column":0},"end":{"line":104,"column":35}},"104":{"start":{"line":105,"column":0},"end":{"line":105,"column":50}},"105":{"start":{"line":106,"column":0},"end":{"line":106,"column":63}},"106":{"start":{"line":107,"column":0},"end":{"line":107,"column":70}},"107":{"start":{"line":108,"column":0},"end":{"line":108,"column":52}},"108":{"start":{"line":109,"column":0},"end":{"line":109,"column":55}},"109":{"start":{"line":110,"column":0},"end":{"line":110,"column":5}},"111":{"start":{"line":112,"column":0},"end":{"line":112,"column":55}},"112":{"start":{"line":113,"column":0},"end":{"line":113,"column":83}},"113":{"start":{"line":114,"column":0},"end":{"line":114,"column":88}},"114":{"start":{"line":115,"column":0},"end":{"line":115,"column":82}},"115":{"start":{"line":116,"column":0},"end":{"line":116,"column":81}},"116":{"start":{"line":117,"column":0},"end":{"line":117,"column":81}},"117":{"start":{"line":118,"column":0},"end":{"line":118,"column":5}},"119":{"start":{"line":120,"column":0},"end":{"line":120,"column":52}},"120":{"start":{"line":121,"column":0},"end":{"line":121,"column":56}},"121":{"start":{"line":122,"column":0},"end":{"line":122,"column":43}},"122":{"start":{"line":123,"column":0},"end":{"line":123,"column":5}},"123":{"start":{"line":124,"column":0},"end":{"line":124,"column":3}}},"s":{"0":1,"5":1,"7":1,"8":1,"9":1,"10":1,"11":1,"12":1,"14":1,"15":1,"16":1,"18":1,"19":1,"20":1,"21":1,"23":1,"24":1,"25":1,"26":1,"28":1,"29":1,"30":1,"31":1,"32":1,"34":1,"35":1,"36":1,"37":1,"38":1,"40":1,"41":1,"42":1,"43":1,"45":1,"46":1,"47":1,"49":1,"50":1,"51":1,"52":1,"53":1,"55":1,"56":1,"57":1,"58":1,"60":1,"61":1,"62":1,"64":1,"65":1,"66":1,"67":1,"68":1,"70":1,"71":1,"72":1,"73":1,"75":1,"76":1,"77":1,"78":1,"79":1,"80":1,"81":1,"82":1,"84":1,"85":1,"86":1,"87":1,"88":1,"89":1,"90":1,"91":1,"92":1,"93":1,"94":1,"95":1,"96":1,"98":1,"99":1,"100":1,"101":1,"103":1,"104":1,"105":1,"106":1,"107":1,"108":1,"109":1,"111":1,"112":1,"113":1,"114":1,"115":1,"116":1,"117":1,"119":1,"120":1,"121":1,"122":1,"123":1},"branchMap":{"0":{"type":"branch","line":8,"loc":{"start":{"line":8,"column":25},"end":{"line":54,"column":3}},"locations":[{"start":{"line":8,"column":25},"end":{"line":54,"column":3}}]},"1":{"type":"branch","line":9,"loc":{"start":{"line":9,"column":34},"end":{"line":13,"column":3}},"locations":[{"start":{"line":9,"column":34},"end":{"line":13,"column":3}}]},"2":{"type":"branch","line":10,"loc":{"start":{"line":10,"column":11},"end":{"line":10,"column":45}},"locations":[{"start":{"line":10,"column":11},"end":{"line":10,"column":45}}]},"3":{"type":"branch","line":11,"loc":{"start":{"line":11,"column":11},"end":{"line":11,"column":48}},"locations":[{"start":{"line":11,"column":11},"end":{"line":11,"column":48}}]},"4":{"type":"branch","line":12,"loc":{"start":{"line":12,"column":11},"end":{"line":12,"column":34}},"locations":[{"start":{"line":12,"column":11},"end":{"line":12,"column":34}}]},"5":{"type":"branch","line":15,"loc":{"start":{"line":15,"column":44},"end":{"line":17,"column":3}},"locations":[{"start":{"line":15,"column":44},"end":{"line":17,"column":3}}]},"6":{"type":"branch","line":16,"loc":{"start":{"line":16,"column":11},"end":{"line":16,"column":33}},"locations":[{"start":{"line":16,"column":11},"end":{"line":16,"column":33}}]},"7":{"type":"branch","line":19,"loc":{"start":{"line":19,"column":54},"end":{"line":22,"column":3}},"locations":[{"start":{"line":19,"column":54},"end":{"line":22,"column":3}}]},"8":{"type":"branch","line":20,"loc":{"start":{"line":20,"column":11},"end":{"line":20,"column":36}},"locations":[{"start":{"line":20,"column":11},"end":{"line":20,"column":36}}]},"9":{"type":"branch","line":21,"loc":{"start":{"line":21,"column":11},"end":{"line":21,"column":37}},"locations":[{"start":{"line":21,"column":11},"end":{"line":21,"column":37}}]},"10":{"type":"branch","line":24,"loc":{"start":{"line":24,"column":49},"end":{"line":27,"column":3}},"locations":[{"start":{"line":24,"column":49},"end":{"line":27,"column":3}}]},"11":{"type":"branch","line":25,"loc":{"start":{"line":25,"column":11},"end":{"line":25,"column":42}},"locations":[{"start":{"line":25,"column":11},"end":{"line":25,"column":42}}]},"12":{"type":"branch","line":26,"loc":{"start":{"line":26,"column":11},"end":{"line":26,"column":47}},"locations":[{"start":{"line":26,"column":11},"end":{"line":26,"column":47}}]},"13":{"type":"branch","line":29,"loc":{"start":{"line":29,"column":48},"end":{"line":33,"column":3}},"locations":[{"start":{"line":29,"column":48},"end":{"line":33,"column":3}}]},"14":{"type":"branch","line":30,"loc":{"start":{"line":30,"column":11},"end":{"line":30,"column":41}},"locations":[{"start":{"line":30,"column":11},"end":{"line":30,"column":41}}]},"15":{"type":"branch","line":31,"loc":{"start":{"line":31,"column":11},"end":{"line":31,"column":40}},"locations":[{"start":{"line":31,"column":11},"end":{"line":31,"column":40}}]},"16":{"type":"branch","line":32,"loc":{"start":{"line":32,"column":11},"end":{"line":32,"column":40}},"locations":[{"start":{"line":32,"column":11},"end":{"line":32,"column":40}}]},"17":{"type":"branch","line":35,"loc":{"start":{"line":35,"column":62},"end":{"line":39,"column":3}},"locations":[{"start":{"line":35,"column":62},"end":{"line":39,"column":3}}]},"18":{"type":"branch","line":36,"loc":{"start":{"line":36,"column":11},"end":{"line":36,"column":40}},"locations":[{"start":{"line":36,"column":11},"end":{"line":36,"column":40}}]},"19":{"type":"branch","line":37,"loc":{"start":{"line":37,"column":11},"end":{"line":37,"column":43}},"locations":[{"start":{"line":37,"column":11},"end":{"line":37,"column":43}}]},"20":{"type":"branch","line":38,"loc":{"start":{"line":38,"column":11},"end":{"line":38,"column":46}},"locations":[{"start":{"line":38,"column":11},"end":{"line":38,"column":46}}]},"21":{"type":"branch","line":41,"loc":{"start":{"line":41,"column":58},"end":{"line":44,"column":3}},"locations":[{"start":{"line":41,"column":58},"end":{"line":44,"column":3}}]},"22":{"type":"branch","line":42,"loc":{"start":{"line":42,"column":11},"end":{"line":42,"column":41}},"locations":[{"start":{"line":42,"column":11},"end":{"line":42,"column":41}}]},"23":{"type":"branch","line":43,"loc":{"start":{"line":43,"column":11},"end":{"line":43,"column":42}},"locations":[{"start":{"line":43,"column":11},"end":{"line":43,"column":42}}]},"24":{"type":"branch","line":46,"loc":{"start":{"line":46,"column":53},"end":{"line":48,"column":3}},"locations":[{"start":{"line":46,"column":53},"end":{"line":48,"column":3}}]},"25":{"type":"branch","line":47,"loc":{"start":{"line":47,"column":11},"end":{"line":47,"column":43}},"locations":[{"start":{"line":47,"column":11},"end":{"line":47,"column":43}}]},"26":{"type":"branch","line":50,"loc":{"start":{"line":50,"column":43},"end":{"line":53,"column":3}},"locations":[{"start":{"line":50,"column":43},"end":{"line":53,"column":3}}]},"27":{"type":"branch","line":56,"loc":{"start":{"line":56,"column":32},"end":{"line":102,"column":3}},"locations":[{"start":{"line":56,"column":32},"end":{"line":102,"column":3}}]},"28":{"type":"branch","line":57,"loc":{"start":{"line":57,"column":44},"end":{"line":59,"column":3}},"locations":[{"start":{"line":57,"column":44},"end":{"line":59,"column":3}}]},"29":{"type":"branch","line":61,"loc":{"start":{"line":61,"column":49},"end":{"line":63,"column":3}},"locations":[{"start":{"line":61,"column":49},"end":{"line":63,"column":3}}]},"30":{"type":"branch","line":65,"loc":{"start":{"line":65,"column":56},"end":{"line":69,"column":3}},"locations":[{"start":{"line":65,"column":56},"end":{"line":69,"column":3}}]},"31":{"type":"branch","line":71,"loc":{"start":{"line":71,"column":46},"end":{"line":74,"column":3}},"locations":[{"start":{"line":71,"column":46},"end":{"line":74,"column":3}}]},"32":{"type":"branch","line":76,"loc":{"start":{"line":76,"column":55},"end":{"line":83,"column":3}},"locations":[{"start":{"line":76,"column":55},"end":{"line":83,"column":3}}]},"33":{"type":"branch","line":85,"loc":{"start":{"line":85,"column":59},"end":{"line":97,"column":3}},"locations":[{"start":{"line":85,"column":59},"end":{"line":97,"column":3}}]},"34":{"type":"branch","line":99,"loc":{"start":{"line":99,"column":35},"end":{"line":101,"column":3}},"locations":[{"start":{"line":99,"column":35},"end":{"line":101,"column":3}}]},"35":{"type":"branch","line":104,"loc":{"start":{"line":104,"column":28},"end":{"line":124,"column":3}},"locations":[{"start":{"line":104,"column":28},"end":{"line":124,"column":3}}]},"36":{"type":"branch","line":105,"loc":{"start":{"line":105,"column":43},"end":{"line":110,"column":3}},"locations":[{"start":{"line":105,"column":43},"end":{"line":110,"column":3}}]},"37":{"type":"branch","line":106,"loc":{"start":{"line":106,"column":11},"end":{"line":106,"column":47}},"locations":[{"start":{"line":106,"column":11},"end":{"line":106,"column":47}}]},"38":{"type":"branch","line":107,"loc":{"start":{"line":107,"column":11},"end":{"line":107,"column":54}},"locations":[{"start":{"line":107,"column":11},"end":{"line":107,"column":54}}]},"39":{"type":"branch","line":108,"loc":{"start":{"line":108,"column":11},"end":{"line":108,"column":36}},"locations":[{"start":{"line":108,"column":11},"end":{"line":108,"column":36}}]},"40":{"type":"branch","line":109,"loc":{"start":{"line":109,"column":11},"end":{"line":109,"column":39}},"locations":[{"start":{"line":109,"column":11},"end":{"line":109,"column":39}}]},"41":{"type":"branch","line":112,"loc":{"start":{"line":112,"column":48},"end":{"line":118,"column":3}},"locations":[{"start":{"line":112,"column":48},"end":{"line":118,"column":3}}]},"42":{"type":"branch","line":113,"loc":{"start":{"line":113,"column":11},"end":{"line":113,"column":45}},"locations":[{"start":{"line":113,"column":11},"end":{"line":113,"column":45}}]},"43":{"type":"branch","line":114,"loc":{"start":{"line":114,"column":11},"end":{"line":114,"column":50}},"locations":[{"start":{"line":114,"column":11},"end":{"line":114,"column":50}}]},"44":{"type":"branch","line":115,"loc":{"start":{"line":115,"column":11},"end":{"line":115,"column":44}},"locations":[{"start":{"line":115,"column":11},"end":{"line":115,"column":44}}]},"45":{"type":"branch","line":116,"loc":{"start":{"line":116,"column":11},"end":{"line":116,"column":43}},"locations":[{"start":{"line":116,"column":11},"end":{"line":116,"column":43}}]},"46":{"type":"branch","line":117,"loc":{"start":{"line":117,"column":11},"end":{"line":117,"column":43}},"locations":[{"start":{"line":117,"column":11},"end":{"line":117,"column":43}}]},"47":{"type":"branch","line":120,"loc":{"start":{"line":120,"column":45},"end":{"line":123,"column":3}},"locations":[{"start":{"line":120,"column":45},"end":{"line":123,"column":3}}]}},"b":{"0":[1],"1":[1],"2":[1],"3":[1],"4":[1],"5":[1],"6":[1],"7":[1],"8":[1],"9":[1],"10":[1],"11":[1],"12":[1],"13":[1],"14":[1],"15":[1],"16":[1],"17":[1],"18":[1],"19":[1],"20":[1],"21":[1],"22":[1],"23":[1],"24":[1],"25":[1],"26":[1],"27":[1],"28":[1],"29":[1],"30":[1],"31":[1],"32":[1],"33":[1],"34":[1],"35":[1],"36":[1],"37":[1],"38":[1],"39":[1],"40":[1],"41":[1],"42":[1],"43":[1],"44":[1],"45":[1],"46":[1],"47":[1]},"fnMap":{},"f":{}}
}
